#
# There is insufficient memory for the Java Runtime Environment to continue.
# Native memory allocation (malloc) failed to allocate 677088 bytes for Chunk::new
# Possible reasons:
#   The system is out of physical RAM or swap space
#   The process is running with CompressedOops enabled, and the Java Heap may be blocking the growth of the native heap
# Possible solutions:
#   Reduce memory load on the system
#   Increase physical memory or swap space
#   Check if swap backing store is full
#   Decrease Java heap size (-Xmx/-Xms)
#   Decrease number of Java threads
#   Decrease Java thread stack sizes (-Xss)
#   Set larger code cache with -XX:ReservedCodeCacheSize=
#   JVM is running with Unscaled Compressed Oops mode in which the Java heap is
#     placed in the first 4GB address space. The Java Heap base address is the
#     maximum limit for the native heap growth. Please use -XX:HeapBaseMinAddress
#     to set the Java Heap base and to place the Java Heap above 4GB virtual address.
# This output file may be truncated or incomplete.
#
#  Out of Memory Error (arena.cpp:189), pid=14808, tid=13560
#
# JRE version: OpenJDK Runtime Environment (17.0.6) (build 17.0.6+0-b2043.56-10027231)
# Java VM: OpenJDK 64-Bit Server VM (17.0.6+0-b2043.56-10027231, mixed mode, tiered, compressed oops, compressed class ptrs, g1 gc, windows-amd64)
# No core dump will be written. Minidumps are not enabled by default on client versions of Windows
#

---------------  S U M M A R Y ------------

Command Line: --add-opens=java.base/java.util=ALL-UNNAMED --add-opens=java.base/java.lang=ALL-UNNAMED --add-opens=java.base/java.lang.invoke=ALL-UNNAMED --add-opens=java.prefs/java.util.prefs=ALL-UNNAMED --add-opens=java.base/java.nio.charset=ALL-UNNAMED --add-opens=java.base/java.net=ALL-UNNAMED --add-opens=java.base/java.util.concurrent.atomic=ALL-UNNAMED -Xmx2048m -Dfile.encoding=UTF-8 -Duser.country=ID -Duser.language=en -Duser.variant org.gradle.launcher.daemon.bootstrap.GradleDaemon 8.0

Host: AMD Ryzen 3 4300U with Radeon Graphics         , 4 cores, 9G,  Windows 11 , 64 bit Build 22621 (10.0.22621.2070)
Time: Tue Sep  5 19:51:14 2023 SE Asia Standard Time elapsed time: 35.820211 seconds (0d 0h 0m 35s)

---------------  T H R E A D  ---------------

Current thread (0x000002ab94035e90):  JavaThread "C2 CompilerThread0" daemon [_thread_in_native, id=13560, stack(0x000000f160600000,0x000000f160700000)]


Current CompileTask:
C2:  35820 10253       4       org.gradle.internal.service.DefaultServiceRegistry$SingletonService::get (5 bytes)

Stack: [0x000000f160600000,0x000000f160700000]
Native frames: (J=compiled Java code, j=interpreted, Vv=VM code, C=native code)
V  [jvm.dll+0x683c9a]
V  [jvm.dll+0x8427a4]
V  [jvm.dll+0x843f9e]
V  [jvm.dll+0x844603]
V  [jvm.dll+0x249b75]
V  [jvm.dll+0xabcac]
V  [jvm.dll+0xac27c]
V  [jvm.dll+0x368857]
V  [jvm.dll+0x332f31]
V  [jvm.dll+0x3323da]
V  [jvm.dll+0x21c201]
V  [jvm.dll+0x21b621]
V  [jvm.dll+0x1a4fdd]
V  [jvm.dll+0x22b098]
V  [jvm.dll+0x229159]
V  [jvm.dll+0x7f81ec]
V  [jvm.dll+0x7f274a]
V  [jvm.dll+0x682ad5]
C  [ucrtbase.dll+0x29363]
C  [KERNEL32.DLL+0x126ad]
C  [ntdll.dll+0x5aa68]


---------------  P R O C E S S  ---------------

Threads class SMR info:
_java_thread_list=0x000002ab9ca82310, length=92, elements={
0x000002abf9ec7b20, 0x000002ab94013260, 0x000002ab94014090, 0x000002ab93520bc0,
0x000002ab93523780, 0x000002ab93526240, 0x000002ab940352a0, 0x000002ab94035e90,
0x000002ab94041cb0, 0x000002ab94052d70, 0x000002ab941c58e0, 0x000002ab941c6df0,
0x000002ab94e01000, 0x000002ab94e014d0, 0x000002ab94e019a0, 0x000002ab94dff320,
0x000002ab94dff7f0, 0x000002ab94e01e70, 0x000002ab94dffcc0, 0x000002ab94dfee50,
0x000002ab94e00b30, 0x000002ab94e00190, 0x000002ab94dfe980, 0x000002ab94dfe4b0,
0x000002ab94e00660, 0x000002ab971e9b10, 0x000002ab971ef1b0, 0x000002ab971e9fe0,
0x000002ab971ef680, 0x000002ab971ee810, 0x000002ab971efb50, 0x000002ab971ec190,
0x000002ab971ea980, 0x000002ab971ede70, 0x000002ab971ed000, 0x000002ab971f04f0,
0x000002ab971ebcc0, 0x000002ab971eece0, 0x000002ab971f0020, 0x000002ab971ea4b0,
0x000002ab971ec660, 0x000002ab971f09c0, 0x000002ab971f0e90, 0x000002ab971ed4d0,
0x000002ab971e9640, 0x000002ab98e67f70, 0x000002ab98e692b0, 0x000002ab98e658f0,
0x000002ab98e6af90, 0x000002ab98e6b930, 0x000002ab98e64f50, 0x000002ab98e65dc0,
0x000002ab98e6a5f0, 0x000002ab98e67aa0, 0x000002ab98e66c30, 0x000002ab98e69c50,
0x000002ab98e68440, 0x000002ab98e645b0, 0x000002ab98e68910, 0x000002ab98e66290,
0x000002ab98e68de0, 0x000002ab98e6b460, 0x000002ab98e6aac0, 0x000002ab98e65420,
0x000002ab98e66760, 0x000002ab98e67100, 0x000002ab98e675d0, 0x000002ab98e69780,
0x000002ab98e6a120, 0x000002ab98e640e0, 0x000002ab98e64a80, 0x000002ab9a1aa080,
0x000002ab9a1ab3c0, 0x000002ab9a1ab890, 0x000002ab9a1a7530, 0x000002ab9a1abd60,
0x000002ab9a1ada40, 0x000002ab9a1a9bb0, 0x000002ab9a1aaef0, 0x000002ab9a1a83a0,
0x000002ab9a1aa550, 0x000002ab9a1a7060, 0x000002ab9a1adf10, 0x000002ab9a1a7a00,
0x000002ab94f71ec0, 0x000002ab9a1ad570, 0x000002ab9a1acbd0, 0x000002ab9a1ae8b0,
0x000002ab9a1a8870, 0x000002ab9a1a8d40, 0x000002ab9a1a9210, 0x000002ab9a88c6e0
}

Java Threads: ( => current thread )
  0x000002abf9ec7b20 JavaThread "main" [_thread_blocked, id=13924, stack(0x000000f15f900000,0x000000f15fa00000)]
  0x000002ab94013260 JavaThread "Reference Handler" daemon [_thread_blocked, id=14068, stack(0x000000f160000000,0x000000f160100000)]
  0x000002ab94014090 JavaThread "Finalizer" daemon [_thread_blocked, id=16848, stack(0x000000f160100000,0x000000f160200000)]
  0x000002ab93520bc0 JavaThread "Signal Dispatcher" daemon [_thread_blocked, id=3296, stack(0x000000f160200000,0x000000f160300000)]
  0x000002ab93523780 JavaThread "Attach Listener" daemon [_thread_blocked, id=8248, stack(0x000000f160300000,0x000000f160400000)]
  0x000002ab93526240 JavaThread "Service Thread" daemon [_thread_blocked, id=14004, stack(0x000000f160400000,0x000000f160500000)]
  0x000002ab940352a0 JavaThread "Monitor Deflation Thread" daemon [_thread_blocked, id=2008, stack(0x000000f160500000,0x000000f160600000)]
=>0x000002ab94035e90 JavaThread "C2 CompilerThread0" daemon [_thread_in_native, id=13560, stack(0x000000f160600000,0x000000f160700000)]
  0x000002ab94041cb0 JavaThread "C1 CompilerThread0" daemon [_thread_blocked, id=18312, stack(0x000000f160700000,0x000000f160800000)]
  0x000002ab94052d70 JavaThread "Sweeper thread" daemon [_thread_blocked, id=8276, stack(0x000000f160800000,0x000000f160900000)]
  0x000002ab941c58e0 JavaThread "Common-Cleaner" daemon [_thread_blocked, id=6660, stack(0x000000f160900000,0x000000f160a00000)]
  0x000002ab941c6df0 JavaThread "Notification Thread" daemon [_thread_blocked, id=6924, stack(0x000000f160a00000,0x000000f160b00000)]
  0x000002ab94e01000 JavaThread "Daemon health stats" [_thread_blocked, id=13744, stack(0x000000f161000000,0x000000f161100000)]
  0x000002ab94e014d0 JavaThread "Incoming local TCP Connector on port 56847" [_thread_in_native, id=2476, stack(0x000000f160e00000,0x000000f160f00000)]
  0x000002ab94e019a0 JavaThread "Daemon periodic checks" [_thread_blocked, id=11080, stack(0x000000f161100000,0x000000f161200000)]
  0x000002ab94dff320 JavaThread "Daemon" [_thread_blocked, id=784, stack(0x000000f161200000,0x000000f161300000)]
  0x000002ab94dff7f0 JavaThread "Handler for socket connection from /127.0.0.1:56847 to /127.0.0.1:56848" [_thread_in_native, id=13808, stack(0x000000f161300000,0x000000f161400000)]
  0x000002ab94e01e70 JavaThread "Cancel handler" [_thread_blocked, id=17636, stack(0x000000f161400000,0x000000f161500000)]
  0x000002ab94dffcc0 JavaThread "Daemon worker" [_thread_blocked, id=11844, stack(0x000000f161500000,0x000000f161600000)]
  0x000002ab94dfee50 JavaThread "Asynchronous log dispatcher for DefaultDaemonConnection: socket connection from /127.0.0.1:56847 to /127.0.0.1:56848" [_thread_blocked, id=17900, stack(0x000000f161600000,0x000000f161700000)]
  0x000002ab94e00b30 JavaThread "Stdin handler" [_thread_blocked, id=17392, stack(0x000000f161700000,0x000000f161800000)]
  0x000002ab94e00190 JavaThread "Daemon client event forwarder" [_thread_blocked, id=5792, stack(0x000000f161800000,0x000000f161900000)]
  0x000002ab94dfe980 JavaThread "Cache worker for journal cache (C:\Users\LENOVO\.gradle\caches\journal-1)" [_thread_blocked, id=16916, stack(0x000000f161900000,0x000000f161a00000)]
  0x000002ab94dfe4b0 JavaThread "File lock request listener" [_thread_in_native, id=13828, stack(0x000000f161a00000,0x000000f161b00000)]
  0x000002ab94e00660 JavaThread "Cache worker for file hash cache (C:\Users\LENOVO\.gradle\caches\8.0\fileHashes)" [_thread_blocked, id=13784, stack(0x000000f161b00000,0x000000f161c00000)]
  0x000002ab971e9b10 JavaThread "File watcher server" daemon [_thread_in_native, id=11724, stack(0x000000f161c00000,0x000000f161d00000)]
  0x000002ab971ef1b0 JavaThread "File watcher consumer" daemon [_thread_blocked, id=18152, stack(0x000000f161d00000,0x000000f161e00000)]
  0x000002ab971e9fe0 JavaThread "Cache worker for checksums cache (D:\TEBE\UNISSULA\BANGKIT\MyApp\.gradle\8.0\checksums)" [_thread_blocked, id=6300, stack(0x000000f161e00000,0x000000f161f00000)]
  0x000002ab971ef680 JavaThread "Cache worker for cache directory md-rule (C:\Users\LENOVO\.gradle\caches\8.0\md-rule)" [_thread_blocked, id=18700, stack(0x000000f161f00000,0x000000f162000000)]
  0x000002ab971ee810 JavaThread "Cache worker for file content cache (C:\Users\LENOVO\.gradle\caches\8.0\fileContent)" [_thread_blocked, id=1444, stack(0x000000f162000000,0x000000f162100000)]
  0x000002ab971efb50 JavaThread "Cache worker for file hash cache (D:\TEBE\UNISSULA\BANGKIT\MyApp\.gradle\8.0\fileHashes)" [_thread_blocked, id=14008, stack(0x000000f162100000,0x000000f162200000)]
  0x000002ab971ec190 JavaThread "Cache worker for cache directory md-supplier (C:\Users\LENOVO\.gradle\caches\8.0\md-supplier)" [_thread_blocked, id=4112, stack(0x000000f162200000,0x000000f162300000)]
  0x000002ab971ea980 JavaThread "Cache worker for execution history cache (C:\Users\LENOVO\.gradle\caches\8.0\executionHistory)" [_thread_blocked, id=10264, stack(0x000000f162300000,0x000000f162400000)]
  0x000002ab971ede70 JavaThread "jar transforms" [_thread_blocked, id=19064, stack(0x000000f162400000,0x000000f162500000)]
  0x000002ab971ed000 JavaThread "jar transforms Thread 2" [_thread_blocked, id=17580, stack(0x000000f162600000,0x000000f162700000)]
  0x000002ab971f04f0 JavaThread "Cache worker for kotlin-dsl (C:\Users\LENOVO\.gradle\caches\8.0\kotlin-dsl)" [_thread_blocked, id=17692, stack(0x000000f162800000,0x000000f162900000)]
  0x000002ab971ebcc0 JavaThread "jar transforms Thread 3" [_thread_blocked, id=16964, stack(0x000000f162500000,0x000000f162600000)]
  0x000002ab971eece0 JavaThread "jar transforms Thread 4" [_thread_blocked, id=12436, stack(0x000000f162a00000,0x000000f162b00000)]
  0x000002ab971f0020 JavaThread "Cache worker for dependencies-accessors (D:\TEBE\UNISSULA\BANGKIT\MyApp\.gradle\8.0\dependencies-accessors)" [_thread_blocked, id=14304, stack(0x000000f162b00000,0x000000f162c00000)]
  0x000002ab971ea4b0 JavaThread "Cache worker for Build Output Cleanup Cache (D:\TEBE\UNISSULA\BANGKIT\MyApp\.gradle\buildOutputCleanup)" [_thread_blocked, id=624, stack(0x000000f162900000,0x000000f162a00000)]
  0x000002ab971ec660 JavaThread "Unconstrained build operations" [_thread_blocked, id=9980, stack(0x000000f162d00000,0x000000f162e00000)]
  0x000002ab971f09c0 JavaThread "Unconstrained build operations Thread 2" [_thread_blocked, id=4056, stack(0x000000f162e00000,0x000000f162f00000)]
  0x000002ab971f0e90 JavaThread "Unconstrained build operations Thread 3" [_thread_blocked, id=17872, stack(0x000000f162f00000,0x000000f163000000)]
  0x000002ab971ed4d0 JavaThread "Unconstrained build operations Thread 4" [_thread_blocked, id=11148, stack(0x000000f163000000,0x000000f163100000)]
  0x000002ab971e9640 JavaThread "Unconstrained build operations Thread 5" [_thread_blocked, id=11532, stack(0x000000f163100000,0x000000f163200000)]
  0x000002ab98e67f70 JavaThread "Unconstrained build operations Thread 6" [_thread_blocked, id=4740, stack(0x000000f163200000,0x000000f163300000)]
  0x000002ab98e692b0 JavaThread "Unconstrained build operations Thread 7" [_thread_blocked, id=12908, stack(0x000000f163300000,0x000000f163400000)]
  0x000002ab98e658f0 JavaThread "Unconstrained build operations Thread 8" [_thread_blocked, id=14608, stack(0x000000f163400000,0x000000f163500000)]
  0x000002ab98e6af90 JavaThread "Unconstrained build operations Thread 9" [_thread_blocked, id=13972, stack(0x000000f163500000,0x000000f163600000)]
  0x000002ab98e6b930 JavaThread "Unconstrained build operations Thread 10" [_thread_blocked, id=620, stack(0x000000f163600000,0x000000f163700000)]
  0x000002ab98e64f50 JavaThread "Unconstrained build operations Thread 11" [_thread_blocked, id=17764, stack(0x000000f163700000,0x000000f163800000)]
  0x000002ab98e65dc0 JavaThread "Unconstrained build operations Thread 12" [_thread_blocked, id=18808, stack(0x000000f163800000,0x000000f163900000)]
  0x000002ab98e6a5f0 JavaThread "Unconstrained build operations Thread 13" [_thread_blocked, id=16920, stack(0x000000f163900000,0x000000f163a00000)]
  0x000002ab98e67aa0 JavaThread "Unconstrained build operations Thread 14" [_thread_blocked, id=808, stack(0x000000f163a00000,0x000000f163b00000)]
  0x000002ab98e66c30 JavaThread "Unconstrained build operations Thread 15" [_thread_blocked, id=19052, stack(0x000000f163b00000,0x000000f163c00000)]
  0x000002ab98e69c50 JavaThread "Unconstrained build operations Thread 16" [_thread_blocked, id=10272, stack(0x000000f163c00000,0x000000f163d00000)]
  0x000002ab98e68440 JavaThread "Unconstrained build operations Thread 17" [_thread_blocked, id=8588, stack(0x000000f163d00000,0x000000f163e00000)]
  0x000002ab98e645b0 JavaThread "Unconstrained build operations Thread 18" [_thread_blocked, id=17852, stack(0x000000f163e00000,0x000000f163f00000)]
  0x000002ab98e68910 JavaThread "Unconstrained build operations Thread 19" [_thread_blocked, id=1984, stack(0x000000f163f00000,0x000000f164000000)]
  0x000002ab98e66290 JavaThread "Unconstrained build operations Thread 20" [_thread_blocked, id=11716, stack(0x000000f164000000,0x000000f164100000)]
  0x000002ab98e68de0 JavaThread "Unconstrained build operations Thread 21" [_thread_blocked, id=18200, stack(0x000000f164100000,0x000000f164200000)]
  0x000002ab98e6b460 JavaThread "Unconstrained build operations Thread 22" [_thread_blocked, id=10200, stack(0x000000f164200000,0x000000f164300000)]
  0x000002ab98e6aac0 JavaThread "Unconstrained build operations Thread 23" [_thread_blocked, id=5460, stack(0x000000f164300000,0x000000f164400000)]
  0x000002ab98e65420 JavaThread "Unconstrained build operations Thread 24" [_thread_blocked, id=1600, stack(0x000000f164400000,0x000000f164500000)]
  0x000002ab98e66760 JavaThread "Unconstrained build operations Thread 25" [_thread_blocked, id=7388, stack(0x000000f164500000,0x000000f164600000)]
  0x000002ab98e67100 JavaThread "Unconstrained build operations Thread 26" [_thread_blocked, id=13856, stack(0x000000f164600000,0x000000f164700000)]
  0x000002ab98e675d0 JavaThread "Unconstrained build operations Thread 27" [_thread_blocked, id=16460, stack(0x000000f164700000,0x000000f164800000)]
  0x000002ab98e69780 JavaThread "Unconstrained build operations Thread 28" [_thread_blocked, id=13664, stack(0x000000f164800000,0x000000f164900000)]
  0x000002ab98e6a120 JavaThread "Unconstrained build operations Thread 29" [_thread_blocked, id=8204, stack(0x000000f164900000,0x000000f164a00000)]
  0x000002ab98e640e0 JavaThread "Unconstrained build operations Thread 30" [_thread_blocked, id=13108, stack(0x000000f164a00000,0x000000f164b00000)]
  0x000002ab98e64a80 JavaThread "Unconstrained build operations Thread 31" [_thread_blocked, id=18760, stack(0x000000f164b00000,0x000000f164c00000)]
  0x000002ab9a1aa080 JavaThread "Unconstrained build operations Thread 32" [_thread_blocked, id=6944, stack(0x000000f164c00000,0x000000f164d00000)]
  0x000002ab9a1ab3c0 JavaThread "Unconstrained build operations Thread 33" [_thread_blocked, id=18948, stack(0x000000f164d00000,0x000000f164e00000)]
  0x000002ab9a1ab890 JavaThread "Unconstrained build operations Thread 34" [_thread_blocked, id=17664, stack(0x000000f164e00000,0x000000f164f00000)]
  0x000002ab9a1a7530 JavaThread "Unconstrained build operations Thread 35" [_thread_blocked, id=8788, stack(0x000000f164f00000,0x000000f165000000)]
  0x000002ab9a1abd60 JavaThread "Unconstrained build operations Thread 36" [_thread_blocked, id=2800, stack(0x000000f165000000,0x000000f165100000)]
  0x000002ab9a1ada40 JavaThread "Unconstrained build operations Thread 37" [_thread_blocked, id=19024, stack(0x000000f165100000,0x000000f165200000)]
  0x000002ab9a1a9bb0 JavaThread "Unconstrained build operations Thread 38" [_thread_blocked, id=17144, stack(0x000000f165200000,0x000000f165300000)]
  0x000002ab9a1aaef0 JavaThread "Unconstrained build operations Thread 39" [_thread_blocked, id=6352, stack(0x000000f165300000,0x000000f165400000)]
  0x000002ab9a1a83a0 JavaThread "Unconstrained build operations Thread 40" [_thread_blocked, id=1524, stack(0x000000f165400000,0x000000f165500000)]
  0x000002ab9a1aa550 JavaThread "build event listener" [_thread_blocked, id=7060, stack(0x000000f165500000,0x000000f165600000)]
  0x000002ab9a1a7060 JavaThread "Memory manager" [_thread_blocked, id=17284, stack(0x000000f165600000,0x000000f165700000)]
  0x000002ab9a1adf10 JavaThread "build event listener" [_thread_blocked, id=15092, stack(0x000000f162c00000,0x000000f162d00000)]
  0x000002ab9a1a7a00 JavaThread "build event listener" [_thread_blocked, id=11988, stack(0x000000f165800000,0x000000f165900000)]
  0x000002ab94f71ec0 JavaThread "C2 CompilerThread1" daemon [_thread_blocked, id=13100, stack(0x000000f165700000,0x000000f165800000)]
  0x000002ab9a1ad570 JavaThread "pool-3-thread-1" [_thread_blocked, id=13000, stack(0x000000f165900000,0x000000f165a00000)]
  0x000002ab9a1acbd0 JavaThread "build event listener" [_thread_blocked, id=10160, stack(0x000000f165a00000,0x000000f165b00000)]
  0x000002ab9a1ae8b0 JavaThread "included builds" [_thread_in_vm, id=16244, stack(0x000000f165b00000,0x000000f165c00000)]
  0x000002ab9a1a8870 JavaThread "Execution worker" [_thread_blocked, id=1660, stack(0x000000f165c00000,0x000000f165d00000)]
  0x000002ab9a1a8d40 JavaThread "Execution worker Thread 2" [_thread_blocked, id=11260, stack(0x000000f165d00000,0x000000f165e00000)]
  0x000002ab9a1a9210 JavaThread "Execution worker Thread 3" [_thread_blocked, id=1516, stack(0x000000f165e00000,0x000000f165f00000)]
  0x000002ab9a88c6e0 JavaThread "Cache worker for execution history cache (D:\TEBE\UNISSULA\BANGKIT\MyApp\.gradle\8.0\executionHistory)" [_thread_blocked, id=13128, stack(0x000000f165f00000,0x000000f166000000)]

Other Threads:
  0x000002ab93510e70 VMThread "VM Thread" [stack: 0x000000f15ff00000,0x000000f160000000] [id=17448]
  0x000002ab941194f0 WatcherThread [stack: 0x000000f160b00000,0x000000f160c00000] [id=11616]
  0x000002abf9f230e0 GCTaskThread "GC Thread#0" [stack: 0x000000f15fa00000,0x000000f15fb00000] [id=4412]
  0x000002ab947524a0 GCTaskThread "GC Thread#1" [stack: 0x000000f160c00000,0x000000f160d00000] [id=6644]
  0x000002ab94752750 GCTaskThread "GC Thread#2" [stack: 0x000000f160d00000,0x000000f160e00000] [id=13996]
  0x000002ab944a8ed0 GCTaskThread "GC Thread#3" [stack: 0x000000f160f00000,0x000000f161000000] [id=16952]
  0x000002abf9f34020 ConcurrentGCThread "G1 Main Marker" [stack: 0x000000f15fb00000,0x000000f15fc00000] [id=17892]
  0x000002abf9f34b90 ConcurrentGCThread "G1 Conc#0" [stack: 0x000000f15fc00000,0x000000f15fd00000] [id=16756]
  0x000002abf9f8d190 ConcurrentGCThread "G1 Refine#0" [stack: 0x000000f15fd00000,0x000000f15fe00000] [id=12116]
  0x000002ab96666ab0 ConcurrentGCThread "G1 Refine#1" [stack: 0x000000f162700000,0x000000f162800000] [id=15800]
  0x000002abf9f8dbb0 ConcurrentGCThread "G1 Service" [stack: 0x000000f15fe00000,0x000000f15ff00000] [id=17212]

Threads with active compile tasks:
C2 CompilerThread0    35849 10253       4       org.gradle.internal.service.DefaultServiceRegistry$SingletonService::get (5 bytes)

VM state: not at safepoint (normal execution)

VM Mutex/Monitor currently owned by a thread: None

Heap address: 0x0000000080000000, size: 2048 MB, Compressed Oops mode: 32-bit

CDS archive(s) not mapped
Compressed class space mapped at: 0x0000000100000000-0x0000000140000000, reserved size: 1073741824
Narrow klass base: 0x0000000000000000, Narrow klass shift: 3, Narrow klass range: 0x140000000

GC Precious Log:
 CPUs: 4 total, 4 available
 Memory: 10103M
 Large Page Support: Disabled
 NUMA Support: Disabled
 Compressed Oops: Enabled (32-bit)
 Heap Region Size: 1M
 Heap Min Capacity: 8M
 Heap Initial Capacity: 158M
 Heap Max Capacity: 2G
 Pre-touch: Disabled
 Parallel Workers: 4
 Concurrent Workers: 1
 Concurrent Refinement Workers: 4
 Periodic GC: Disabled

Heap:
 garbage-first heap   total 230400K, used 97705K [0x0000000080000000, 0x0000000100000000)
  region size 1024K, 9 young (9216K), 1 survivors (1024K)
 Metaspace       used 97191K, committed 97856K, reserved 1138688K
  class space    used 13125K, committed 13440K, reserved 1048576K

Heap Regions: E=young(eden), S=young(survivor), O=old, HS=humongous(starts), HC=humongous(continues), CS=collection set, F=free, OA=open archive, CA=closed archive, TAMS=top-at-mark-start (previous, next)
|   0|0x0000000080000000, 0x0000000080100000, 0x0000000080100000|100%| O|  |TAMS 0x0000000080100000, 0x0000000080000000| Untracked 
|   1|0x0000000080100000, 0x0000000080200000, 0x0000000080200000|100%| O|  |TAMS 0x0000000080200000, 0x0000000080100000| Untracked 
|   2|0x0000000080200000, 0x0000000080300000, 0x0000000080300000|100%|HS|  |TAMS 0x0000000080300000, 0x0000000080200000| Complete 
|   3|0x0000000080300000, 0x0000000080400000, 0x0000000080400000|100%|HC|  |TAMS 0x0000000080400000, 0x0000000080300000| Complete 
|   4|0x0000000080400000, 0x0000000080500000, 0x0000000080500000|100%|HC|  |TAMS 0x0000000080500000, 0x0000000080400000| Complete 
|   5|0x0000000080500000, 0x0000000080600000, 0x0000000080600000|100%|HC|  |TAMS 0x0000000080600000, 0x0000000080500000| Complete 
|   6|0x0000000080600000, 0x0000000080700000, 0x0000000080700000|100%| O|  |TAMS 0x0000000080700000, 0x0000000080600000| Untracked 
|   7|0x0000000080700000, 0x0000000080800000, 0x0000000080800000|100%| O|  |TAMS 0x0000000080800000, 0x0000000080700000| Untracked 
|   8|0x0000000080800000, 0x0000000080900000, 0x0000000080900000|100%| O|  |TAMS 0x0000000080900000, 0x0000000080800000| Untracked 
|   9|0x0000000080900000, 0x0000000080a00000, 0x0000000080a00000|100%| O|  |TAMS 0x0000000080a00000, 0x0000000080900000| Untracked 
|  10|0x0000000080a00000, 0x0000000080b00000, 0x0000000080b00000|100%| O|  |TAMS 0x0000000080b00000, 0x0000000080a00000| Untracked 
|  11|0x0000000080b00000, 0x0000000080c00000, 0x0000000080c00000|100%| O|  |TAMS 0x0000000080c00000, 0x0000000080b00000| Untracked 
|  12|0x0000000080c00000, 0x0000000080d00000, 0x0000000080d00000|100%| O|  |TAMS 0x0000000080d00000, 0x0000000080c00000| Untracked 
|  13|0x0000000080d00000, 0x0000000080e00000, 0x0000000080e00000|100%| O|  |TAMS 0x0000000080e00000, 0x0000000080d00000| Untracked 
|  14|0x0000000080e00000, 0x0000000080f00000, 0x0000000080f00000|100%| O|  |TAMS 0x0000000080f00000, 0x0000000080e00000| Untracked 
|  15|0x0000000080f00000, 0x0000000081000000, 0x0000000081000000|100%| O|  |TAMS 0x0000000081000000, 0x0000000080f00000| Untracked 
|  16|0x0000000081000000, 0x0000000081100000, 0x0000000081100000|100%| O|  |TAMS 0x0000000081100000, 0x0000000081000000| Untracked 
|  17|0x0000000081100000, 0x0000000081200000, 0x0000000081200000|100%| O|  |TAMS 0x0000000081200000, 0x0000000081100000| Untracked 
|  18|0x0000000081200000, 0x0000000081300000, 0x0000000081300000|100%| O|  |TAMS 0x0000000081300000, 0x0000000081200000| Untracked 
|  19|0x0000000081300000, 0x0000000081400000, 0x0000000081400000|100%| O|  |TAMS 0x0000000081400000, 0x0000000081300000| Untracked 
|  20|0x0000000081400000, 0x0000000081500000, 0x0000000081500000|100%| O|  |TAMS 0x0000000081500000, 0x0000000081400000| Untracked 
|  21|0x0000000081500000, 0x0000000081600000, 0x0000000081600000|100%| O|  |TAMS 0x0000000081600000, 0x0000000081500000| Untracked 
|  22|0x0000000081600000, 0x0000000081700000, 0x0000000081700000|100%| O|  |TAMS 0x0000000081700000, 0x0000000081600000| Untracked 
|  23|0x0000000081700000, 0x0000000081800000, 0x0000000081800000|100%| O|  |TAMS 0x0000000081800000, 0x0000000081700000| Untracked 
|  24|0x0000000081800000, 0x0000000081900000, 0x0000000081900000|100%| O|  |TAMS 0x0000000081900000, 0x0000000081800000| Untracked 
|  25|0x0000000081900000, 0x0000000081a00000, 0x0000000081a00000|100%| O|  |TAMS 0x0000000081a00000, 0x0000000081900000| Untracked 
|  26|0x0000000081a00000, 0x0000000081b00000, 0x0000000081b00000|100%| O|  |TAMS 0x0000000081b00000, 0x0000000081a00000| Untracked 
|  27|0x0000000081b00000, 0x0000000081c00000, 0x0000000081c00000|100%| O|  |TAMS 0x0000000081c00000, 0x0000000081b00000| Untracked 
|  28|0x0000000081c00000, 0x0000000081d00000, 0x0000000081d00000|100%|HS|  |TAMS 0x0000000081c00000, 0x0000000081c00000| Complete 
|  29|0x0000000081d00000, 0x0000000081e00000, 0x0000000081e00000|100%| O|  |TAMS 0x0000000081e00000, 0x0000000081d00000| Untracked 
|  30|0x0000000081e00000, 0x0000000081f00000, 0x0000000081f00000|100%| O|  |TAMS 0x0000000081f00000, 0x0000000081e00000| Untracked 
|  31|0x0000000081f00000, 0x0000000082000000, 0x0000000082000000|100%| O|  |TAMS 0x0000000082000000, 0x0000000081f00000| Untracked 
|  32|0x0000000082000000, 0x0000000082100000, 0x0000000082100000|100%| O|  |TAMS 0x0000000082100000, 0x0000000082000000| Untracked 
|  33|0x0000000082100000, 0x0000000082200000, 0x0000000082200000|100%| O|  |TAMS 0x0000000082200000, 0x0000000082100000| Untracked 
|  34|0x0000000082200000, 0x0000000082300000, 0x0000000082300000|100%| O|  |TAMS 0x0000000082300000, 0x0000000082200000| Untracked 
|  35|0x0000000082300000, 0x0000000082400000, 0x0000000082400000|100%| O|  |TAMS 0x0000000082400000, 0x0000000082300000| Untracked 
|  36|0x0000000082400000, 0x0000000082500000, 0x0000000082500000|100%|HS|  |TAMS 0x0000000082500000, 0x0000000082400000| Complete 
|  37|0x0000000082500000, 0x0000000082600000, 0x0000000082600000|100%|HS|  |TAMS 0x0000000082600000, 0x0000000082500000| Complete 
|  38|0x0000000082600000, 0x0000000082700000, 0x0000000082700000|100%|HS|  |TAMS 0x0000000082700000, 0x0000000082600000| Complete 
|  39|0x0000000082700000, 0x0000000082800000, 0x0000000082800000|100%|HC|  |TAMS 0x0000000082800000, 0x0000000082700000| Complete 
|  40|0x0000000082800000, 0x0000000082900000, 0x0000000082900000|100%| O|  |TAMS 0x0000000082900000, 0x0000000082800000| Untracked 
|  41|0x0000000082900000, 0x0000000082a00000, 0x0000000082a00000|100%|HS|  |TAMS 0x0000000082a00000, 0x0000000082900000| Complete 
|  42|0x0000000082a00000, 0x0000000082b00000, 0x0000000082b00000|100%| O|  |TAMS 0x0000000082b00000, 0x0000000082a00000| Untracked 
|  43|0x0000000082b00000, 0x0000000082c00000, 0x0000000082c00000|100%| O|  |TAMS 0x0000000082c00000, 0x0000000082b00000| Untracked 
|  44|0x0000000082c00000, 0x0000000082d00000, 0x0000000082d00000|100%|HS|  |TAMS 0x0000000082d00000, 0x0000000082c00000| Complete 
|  45|0x0000000082d00000, 0x0000000082e00000, 0x0000000082e00000|100%|HC|  |TAMS 0x0000000082e00000, 0x0000000082d00000| Complete 
|  46|0x0000000082e00000, 0x0000000082f00000, 0x0000000082f00000|100%|HC|  |TAMS 0x0000000082f00000, 0x0000000082e00000| Complete 
|  47|0x0000000082f00000, 0x0000000083000000, 0x0000000083000000|100%|HC|  |TAMS 0x0000000083000000, 0x0000000082f00000| Complete 
|  48|0x0000000083000000, 0x0000000083100000, 0x0000000083100000|100%| O|  |TAMS 0x0000000083100000, 0x0000000083000000| Untracked 
|  49|0x0000000083100000, 0x0000000083200000, 0x0000000083200000|100%| O|  |TAMS 0x0000000083200000, 0x0000000083100000| Untracked 
|  50|0x0000000083200000, 0x0000000083300000, 0x0000000083300000|100%| O|  |TAMS 0x0000000083200000, 0x0000000083200000| Untracked 
|  51|0x0000000083300000, 0x0000000083400000, 0x0000000083400000|100%| O|  |TAMS 0x0000000083400000, 0x0000000083300000| Untracked 
|  52|0x0000000083400000, 0x0000000083500000, 0x0000000083500000|100%| O|  |TAMS 0x0000000083500000, 0x0000000083400000| Untracked 
|  53|0x0000000083500000, 0x0000000083600000, 0x0000000083600000|100%| O|  |TAMS 0x0000000083600000, 0x0000000083500000| Untracked 
|  54|0x0000000083600000, 0x0000000083700000, 0x0000000083700000|100%| O|  |TAMS 0x0000000083700000, 0x0000000083600000| Untracked 
|  55|0x0000000083700000, 0x0000000083800000, 0x0000000083800000|100%| O|  |TAMS 0x0000000083800000, 0x0000000083700000| Untracked 
|  56|0x0000000083800000, 0x0000000083900000, 0x0000000083900000|100%| O|  |TAMS 0x0000000083900000, 0x0000000083800000| Untracked 
|  57|0x0000000083900000, 0x0000000083a00000, 0x0000000083a00000|100%| O|  |TAMS 0x0000000083a00000, 0x0000000083900000| Untracked 
|  58|0x0000000083a00000, 0x0000000083b00000, 0x0000000083b00000|100%| O|  |TAMS 0x0000000083b00000, 0x0000000083a00000| Untracked 
|  59|0x0000000083b00000, 0x0000000083c00000, 0x0000000083c00000|100%| O|  |TAMS 0x0000000083c00000, 0x0000000083b00000| Untracked 
|  60|0x0000000083c00000, 0x0000000083d00000, 0x0000000083d00000|100%| O|  |TAMS 0x0000000083d00000, 0x0000000083c00000| Untracked 
|  61|0x0000000083d00000, 0x0000000083e00000, 0x0000000083e00000|100%| O|  |TAMS 0x0000000083e00000, 0x0000000083d00000| Untracked 
|  62|0x0000000083e00000, 0x0000000083f00000, 0x0000000083f00000|100%| O|  |TAMS 0x0000000083f00000, 0x0000000083e00000| Untracked 
|  63|0x0000000083f00000, 0x0000000084000000, 0x0000000084000000|100%| O|  |TAMS 0x0000000084000000, 0x0000000083f00000| Untracked 
|  64|0x0000000084000000, 0x0000000084100000, 0x0000000084100000|100%| O|  |TAMS 0x0000000084100000, 0x0000000084000000| Untracked 
|  65|0x0000000084100000, 0x0000000084200000, 0x0000000084200000|100%| O|  |TAMS 0x0000000084200000, 0x0000000084100000| Untracked 
|  66|0x0000000084200000, 0x0000000084300000, 0x0000000084300000|100%| O|  |TAMS 0x0000000084300000, 0x0000000084200000| Untracked 
|  67|0x0000000084300000, 0x0000000084400000, 0x0000000084400000|100%| O|  |TAMS 0x0000000084400000, 0x0000000084300000| Untracked 
|  68|0x0000000084400000, 0x0000000084500000, 0x0000000084500000|100%| O|  |TAMS 0x0000000084500000, 0x0000000084400000| Untracked 
|  69|0x0000000084500000, 0x0000000084600000, 0x0000000084600000|100%| O|  |TAMS 0x0000000084600000, 0x0000000084500000| Untracked 
|  70|0x0000000084600000, 0x0000000084700000, 0x0000000084700000|100%| O|  |TAMS 0x0000000084700000, 0x0000000084600000| Untracked 
|  71|0x0000000084700000, 0x0000000084800000, 0x0000000084800000|100%| O|  |TAMS 0x0000000084800000, 0x0000000084700000| Untracked 
|  72|0x0000000084800000, 0x0000000084900000, 0x0000000084900000|100%| O|  |TAMS 0x0000000084900000, 0x0000000084800000| Untracked 
|  73|0x0000000084900000, 0x0000000084a00000, 0x0000000084a00000|100%| O|  |TAMS 0x0000000084a00000, 0x0000000084900000| Untracked 
|  74|0x0000000084a00000, 0x0000000084b00000, 0x0000000084b00000|100%| O|  |TAMS 0x0000000084b00000, 0x0000000084a00000| Untracked 
|  75|0x0000000084b00000, 0x0000000084c00000, 0x0000000084c00000|100%| O|  |TAMS 0x0000000084c00000, 0x0000000084b00000| Untracked 
|  76|0x0000000084c00000, 0x0000000084d00000, 0x0000000084d00000|100%| O|  |TAMS 0x0000000084d00000, 0x0000000084c00000| Untracked 
|  77|0x0000000084d00000, 0x0000000084e00000, 0x0000000084e00000|100%| O|  |TAMS 0x0000000084e00000, 0x0000000084d00000| Untracked 
|  78|0x0000000084e00000, 0x0000000084f00000, 0x0000000084f00000|100%| O|  |TAMS 0x0000000084e5d600, 0x0000000084e00000| Untracked 
|  79|0x0000000084f00000, 0x0000000085000000, 0x0000000085000000|100%| O|  |TAMS 0x0000000084f00000, 0x0000000084f00000| Untracked 
|  80|0x0000000085000000, 0x0000000085100000, 0x0000000085100000|100%| O|  |TAMS 0x0000000085000000, 0x0000000085000000| Untracked 
|  81|0x0000000085100000, 0x0000000085200000, 0x0000000085200000|100%| O|  |TAMS 0x0000000085100000, 0x0000000085100000| Untracked 
|  82|0x0000000085200000, 0x0000000085300000, 0x0000000085300000|100%| O|  |TAMS 0x0000000085200000, 0x0000000085200000| Untracked 
|  83|0x0000000085300000, 0x0000000085400000, 0x0000000085400000|100%| O|  |TAMS 0x0000000085300000, 0x0000000085300000| Untracked 
|  84|0x0000000085400000, 0x0000000085500000, 0x0000000085500000|100%| O|  |TAMS 0x0000000085400000, 0x0000000085400000| Untracked 
|  85|0x0000000085500000, 0x0000000085600000, 0x0000000085600000|100%| O|  |TAMS 0x0000000085500000, 0x0000000085500000| Untracked 
|  86|0x0000000085600000, 0x0000000085700000, 0x0000000085700000|100%| O|  |TAMS 0x0000000085600000, 0x0000000085600000| Untracked 
|  87|0x0000000085700000, 0x0000000085800000, 0x0000000085800000|100%| O|  |TAMS 0x0000000085700000, 0x0000000085700000| Untracked 
|  88|0x0000000085800000, 0x000000008586a600, 0x0000000085900000| 41%| O|  |TAMS 0x0000000085800000, 0x0000000085800000| Untracked 
|  89|0x0000000085900000, 0x0000000085900000, 0x0000000085a00000|  0%| F|  |TAMS 0x0000000085900000, 0x0000000085900000| Untracked 
|  90|0x0000000085a00000, 0x0000000085a00000, 0x0000000085b00000|  0%| F|  |TAMS 0x0000000085a00000, 0x0000000085a00000| Untracked 
|  91|0x0000000085b00000, 0x0000000085b00000, 0x0000000085c00000|  0%| F|  |TAMS 0x0000000085b00000, 0x0000000085b00000| Untracked 
|  92|0x0000000085c00000, 0x0000000085c00000, 0x0000000085d00000|  0%| F|  |TAMS 0x0000000085c00000, 0x0000000085c00000| Untracked 
|  93|0x0000000085d00000, 0x0000000085d00000, 0x0000000085e00000|  0%| F|  |TAMS 0x0000000085d00000, 0x0000000085d00000| Untracked 
|  94|0x0000000085e00000, 0x0000000085e00000, 0x0000000085f00000|  0%| F|  |TAMS 0x0000000085e00000, 0x0000000085e00000| Untracked 
|  95|0x0000000085f00000, 0x0000000085f00000, 0x0000000086000000|  0%| F|  |TAMS 0x0000000085f00000, 0x0000000085f00000| Untracked 
|  96|0x0000000086000000, 0x0000000086000000, 0x0000000086100000|  0%| F|  |TAMS 0x0000000086000000, 0x0000000086000000| Untracked 
|  97|0x0000000086100000, 0x0000000086100000, 0x0000000086200000|  0%| F|  |TAMS 0x0000000086100000, 0x0000000086100000| Untracked 
|  98|0x0000000086200000, 0x0000000086200000, 0x0000000086300000|  0%| F|  |TAMS 0x0000000086200000, 0x0000000086200000| Untracked 
|  99|0x0000000086300000, 0x0000000086300000, 0x0000000086400000|  0%| F|  |TAMS 0x0000000086300000, 0x0000000086300000| Untracked 
| 100|0x0000000086400000, 0x0000000086400000, 0x0000000086500000|  0%| F|  |TAMS 0x0000000086400000, 0x0000000086400000| Untracked 
| 101|0x0000000086500000, 0x0000000086500000, 0x0000000086600000|  0%| F|  |TAMS 0x0000000086500000, 0x0000000086500000| Untracked 
| 102|0x0000000086600000, 0x0000000086600000, 0x0000000086700000|  0%| F|  |TAMS 0x0000000086600000, 0x0000000086600000| Untracked 
| 103|0x0000000086700000, 0x0000000086700000, 0x0000000086800000|  0%| F|  |TAMS 0x0000000086700000, 0x0000000086700000| Untracked 
| 104|0x0000000086800000, 0x0000000086800000, 0x0000000086900000|  0%| F|  |TAMS 0x0000000086800000, 0x0000000086800000| Untracked 
| 105|0x0000000086900000, 0x0000000086900000, 0x0000000086a00000|  0%| F|  |TAMS 0x0000000086900000, 0x0000000086900000| Untracked 
| 106|0x0000000086a00000, 0x0000000086a00000, 0x0000000086b00000|  0%| F|  |TAMS 0x0000000086a00000, 0x0000000086a00000| Untracked 
| 107|0x0000000086b00000, 0x0000000086b00000, 0x0000000086c00000|  0%| F|  |TAMS 0x0000000086b00000, 0x0000000086b00000| Untracked 
| 108|0x0000000086c00000, 0x0000000086c00000, 0x0000000086d00000|  0%| F|  |TAMS 0x0000000086c00000, 0x0000000086c00000| Untracked 
| 109|0x0000000086d00000, 0x0000000086d00000, 0x0000000086e00000|  0%| F|  |TAMS 0x0000000086d00000, 0x0000000086d00000| Untracked 
| 110|0x0000000086e00000, 0x0000000086e00000, 0x0000000086f00000|  0%| F|  |TAMS 0x0000000086e00000, 0x0000000086e00000| Untracked 
| 111|0x0000000086f00000, 0x0000000086f00000, 0x0000000087000000|  0%| F|  |TAMS 0x0000000086f00000, 0x0000000086f00000| Untracked 
| 112|0x0000000087000000, 0x0000000087000000, 0x0000000087100000|  0%| F|  |TAMS 0x0000000087000000, 0x0000000087000000| Untracked 
| 113|0x0000000087100000, 0x0000000087100000, 0x0000000087200000|  0%| F|  |TAMS 0x0000000087100000, 0x0000000087100000| Untracked 
| 114|0x0000000087200000, 0x0000000087200000, 0x0000000087300000|  0%| F|  |TAMS 0x0000000087200000, 0x0000000087200000| Untracked 
| 115|0x0000000087300000, 0x0000000087300000, 0x0000000087400000|  0%| F|  |TAMS 0x0000000087300000, 0x0000000087300000| Untracked 
| 116|0x0000000087400000, 0x0000000087400000, 0x0000000087500000|  0%| F|  |TAMS 0x0000000087400000, 0x0000000087400000| Untracked 
| 117|0x0000000087500000, 0x0000000087500000, 0x0000000087600000|  0%| F|  |TAMS 0x0000000087500000, 0x0000000087500000| Untracked 
| 118|0x0000000087600000, 0x0000000087600000, 0x0000000087700000|  0%| F|  |TAMS 0x0000000087600000, 0x0000000087600000| Untracked 
| 119|0x0000000087700000, 0x0000000087700000, 0x0000000087800000|  0%| F|  |TAMS 0x0000000087700000, 0x0000000087700000| Untracked 
| 120|0x0000000087800000, 0x0000000087800000, 0x0000000087900000|  0%| F|  |TAMS 0x0000000087800000, 0x0000000087800000| Untracked 
| 121|0x0000000087900000, 0x0000000087900000, 0x0000000087a00000|  0%| F|  |TAMS 0x0000000087900000, 0x0000000087900000| Untracked 
| 122|0x0000000087a00000, 0x0000000087a00000, 0x0000000087b00000|  0%| F|  |TAMS 0x0000000087a00000, 0x0000000087a00000| Untracked 
| 123|0x0000000087b00000, 0x0000000087b00000, 0x0000000087c00000|  0%| F|  |TAMS 0x0000000087b00000, 0x0000000087b00000| Untracked 
| 124|0x0000000087c00000, 0x0000000087c00000, 0x0000000087d00000|  0%| F|  |TAMS 0x0000000087c00000, 0x0000000087c00000| Untracked 
| 125|0x0000000087d00000, 0x0000000087d00000, 0x0000000087e00000|  0%| F|  |TAMS 0x0000000087d00000, 0x0000000087d00000| Untracked 
| 126|0x0000000087e00000, 0x0000000087e00000, 0x0000000087f00000|  0%| F|  |TAMS 0x0000000087e00000, 0x0000000087e00000| Untracked 
| 127|0x0000000087f00000, 0x0000000087f00000, 0x0000000088000000|  0%| F|  |TAMS 0x0000000087f00000, 0x0000000087f00000| Untracked 
| 128|0x0000000088000000, 0x0000000088000000, 0x0000000088100000|  0%| F|  |TAMS 0x0000000088000000, 0x0000000088000000| Untracked 
| 129|0x0000000088100000, 0x0000000088100000, 0x0000000088200000|  0%| F|  |TAMS 0x0000000088100000, 0x0000000088100000| Untracked 
| 130|0x0000000088200000, 0x0000000088200000, 0x0000000088300000|  0%| F|  |TAMS 0x0000000088200000, 0x0000000088200000| Untracked 
| 131|0x0000000088300000, 0x0000000088300000, 0x0000000088400000|  0%| F|  |TAMS 0x0000000088300000, 0x0000000088300000| Untracked 
| 132|0x0000000088400000, 0x0000000088400000, 0x0000000088500000|  0%| F|  |TAMS 0x0000000088400000, 0x0000000088400000| Untracked 
| 133|0x0000000088500000, 0x0000000088500000, 0x0000000088600000|  0%| F|  |TAMS 0x0000000088500000, 0x0000000088500000| Untracked 
| 134|0x0000000088600000, 0x0000000088600000, 0x0000000088700000|  0%| F|  |TAMS 0x0000000088600000, 0x0000000088600000| Untracked 
| 135|0x0000000088700000, 0x0000000088700000, 0x0000000088800000|  0%| F|  |TAMS 0x0000000088700000, 0x0000000088700000| Untracked 
| 136|0x0000000088800000, 0x0000000088800000, 0x0000000088900000|  0%| F|  |TAMS 0x0000000088800000, 0x0000000088800000| Untracked 
| 137|0x0000000088900000, 0x0000000088900000, 0x0000000088a00000|  0%| F|  |TAMS 0x0000000088900000, 0x0000000088900000| Untracked 
| 138|0x0000000088a00000, 0x0000000088a00000, 0x0000000088b00000|  0%| F|  |TAMS 0x0000000088a00000, 0x0000000088a00000| Untracked 
| 139|0x0000000088b00000, 0x0000000088b00000, 0x0000000088c00000|  0%| F|  |TAMS 0x0000000088b00000, 0x0000000088b00000| Untracked 
| 140|0x0000000088c00000, 0x0000000088c00000, 0x0000000088d00000|  0%| F|  |TAMS 0x0000000088c00000, 0x0000000088c00000| Untracked 
| 141|0x0000000088d00000, 0x0000000088d00000, 0x0000000088e00000|  0%| F|  |TAMS 0x0000000088d00000, 0x0000000088d00000| Untracked 
| 142|0x0000000088e00000, 0x0000000088e00000, 0x0000000088f00000|  0%| F|  |TAMS 0x0000000088e00000, 0x0000000088e00000| Untracked 
| 143|0x0000000088f00000, 0x0000000089000000, 0x0000000089000000|100%| S|CS|TAMS 0x0000000088f00000, 0x0000000088f00000| Complete 
| 144|0x0000000089000000, 0x0000000089000000, 0x0000000089100000|  0%| F|  |TAMS 0x0000000089000000, 0x0000000089000000| Untracked 
| 145|0x0000000089100000, 0x0000000089100000, 0x0000000089200000|  0%| F|  |TAMS 0x0000000089100000, 0x0000000089100000| Untracked 
| 146|0x0000000089200000, 0x0000000089200000, 0x0000000089300000|  0%| F|  |TAMS 0x0000000089200000, 0x0000000089200000| Untracked 
| 147|0x0000000089300000, 0x0000000089300000, 0x0000000089400000|  0%| F|  |TAMS 0x0000000089300000, 0x0000000089300000| Untracked 
| 148|0x0000000089400000, 0x0000000089400000, 0x0000000089500000|  0%| F|  |TAMS 0x0000000089400000, 0x0000000089400000| Untracked 
| 149|0x0000000089500000, 0x0000000089500000, 0x0000000089600000|  0%| F|  |TAMS 0x0000000089500000, 0x0000000089500000| Untracked 
| 150|0x0000000089600000, 0x0000000089600000, 0x0000000089700000|  0%| F|  |TAMS 0x0000000089600000, 0x0000000089600000| Untracked 
| 151|0x0000000089700000, 0x0000000089700000, 0x0000000089800000|  0%| F|  |TAMS 0x0000000089700000, 0x0000000089700000| Untracked 
| 152|0x0000000089800000, 0x0000000089800000, 0x0000000089900000|  0%| F|  |TAMS 0x0000000089800000, 0x0000000089800000| Untracked 
| 153|0x0000000089900000, 0x0000000089900000, 0x0000000089a00000|  0%| F|  |TAMS 0x0000000089900000, 0x0000000089900000| Untracked 
| 154|0x0000000089a00000, 0x0000000089a00000, 0x0000000089b00000|  0%| F|  |TAMS 0x0000000089a00000, 0x0000000089a00000| Untracked 
| 155|0x0000000089b00000, 0x0000000089b00000, 0x0000000089c00000|  0%| F|  |TAMS 0x0000000089b00000, 0x0000000089b00000| Untracked 
| 156|0x0000000089c00000, 0x0000000089c00000, 0x0000000089d00000|  0%| F|  |TAMS 0x0000000089c00000, 0x0000000089c00000| Untracked 
| 157|0x0000000089d00000, 0x0000000089d00000, 0x0000000089e00000|  0%| F|  |TAMS 0x0000000089d00000, 0x0000000089d00000| Untracked 
| 158|0x0000000089e00000, 0x0000000089e00000, 0x0000000089f00000|  0%| F|  |TAMS 0x0000000089e00000, 0x0000000089e00000| Untracked 
| 159|0x0000000089f00000, 0x0000000089f00000, 0x000000008a000000|  0%| F|  |TAMS 0x0000000089f00000, 0x0000000089f00000| Untracked 
| 160|0x000000008a000000, 0x000000008a000000, 0x000000008a100000|  0%| F|  |TAMS 0x000000008a000000, 0x000000008a000000| Untracked 
| 161|0x000000008a100000, 0x000000008a100000, 0x000000008a200000|  0%| F|  |TAMS 0x000000008a100000, 0x000000008a100000| Untracked 
| 162|0x000000008a200000, 0x000000008a200000, 0x000000008a300000|  0%| F|  |TAMS 0x000000008a200000, 0x000000008a200000| Untracked 
| 163|0x000000008a300000, 0x000000008a300000, 0x000000008a400000|  0%| F|  |TAMS 0x000000008a300000, 0x000000008a300000| Untracked 
| 164|0x000000008a400000, 0x000000008a400000, 0x000000008a500000|  0%| F|  |TAMS 0x000000008a400000, 0x000000008a400000| Untracked 
| 165|0x000000008a500000, 0x000000008a500000, 0x000000008a600000|  0%| F|  |TAMS 0x000000008a500000, 0x000000008a500000| Untracked 
| 166|0x000000008a600000, 0x000000008a600000, 0x000000008a700000|  0%| F|  |TAMS 0x000000008a600000, 0x000000008a600000| Untracked 
| 167|0x000000008a700000, 0x000000008a700000, 0x000000008a800000|  0%| F|  |TAMS 0x000000008a700000, 0x000000008a700000| Untracked 
| 168|0x000000008a800000, 0x000000008a800000, 0x000000008a900000|  0%| F|  |TAMS 0x000000008a800000, 0x000000008a800000| Untracked 
| 169|0x000000008a900000, 0x000000008a900000, 0x000000008aa00000|  0%| F|  |TAMS 0x000000008a900000, 0x000000008a900000| Untracked 
| 170|0x000000008aa00000, 0x000000008aa00000, 0x000000008ab00000|  0%| F|  |TAMS 0x000000008aa00000, 0x000000008aa00000| Untracked 
| 171|0x000000008ab00000, 0x000000008ab00000, 0x000000008ac00000|  0%| F|  |TAMS 0x000000008ab00000, 0x000000008ab00000| Untracked 
| 172|0x000000008ac00000, 0x000000008ac00000, 0x000000008ad00000|  0%| F|  |TAMS 0x000000008ac00000, 0x000000008ac00000| Untracked 
| 173|0x000000008ad00000, 0x000000008ad00000, 0x000000008ae00000|  0%| F|  |TAMS 0x000000008ad00000, 0x000000008ad00000| Untracked 
| 174|0x000000008ae00000, 0x000000008ae00000, 0x000000008af00000|  0%| F|  |TAMS 0x000000008ae00000, 0x000000008ae00000| Untracked 
| 175|0x000000008af00000, 0x000000008af00000, 0x000000008b000000|  0%| F|  |TAMS 0x000000008af00000, 0x000000008af00000| Untracked 
| 176|0x000000008b000000, 0x000000008b000000, 0x000000008b100000|  0%| F|  |TAMS 0x000000008b000000, 0x000000008b000000| Untracked 
| 177|0x000000008b100000, 0x000000008b100000, 0x000000008b200000|  0%| F|  |TAMS 0x000000008b100000, 0x000000008b100000| Untracked 
| 178|0x000000008b200000, 0x000000008b200000, 0x000000008b300000|  0%| F|  |TAMS 0x000000008b200000, 0x000000008b200000| Untracked 
| 179|0x000000008b300000, 0x000000008b300000, 0x000000008b400000|  0%| F|  |TAMS 0x000000008b300000, 0x000000008b300000| Untracked 
| 180|0x000000008b400000, 0x000000008b400000, 0x000000008b500000|  0%| F|  |TAMS 0x000000008b400000, 0x000000008b400000| Untracked 
| 181|0x000000008b500000, 0x000000008b500000, 0x000000008b600000|  0%| F|  |TAMS 0x000000008b500000, 0x000000008b500000| Untracked 
| 182|0x000000008b600000, 0x000000008b600000, 0x000000008b700000|  0%| F|  |TAMS 0x000000008b600000, 0x000000008b600000| Untracked 
| 183|0x000000008b700000, 0x000000008b700000, 0x000000008b800000|  0%| F|  |TAMS 0x000000008b700000, 0x000000008b700000| Untracked 
| 184|0x000000008b800000, 0x000000008b800000, 0x000000008b900000|  0%| F|  |TAMS 0x000000008b800000, 0x000000008b800000| Untracked 
| 185|0x000000008b900000, 0x000000008b900000, 0x000000008ba00000|  0%| F|  |TAMS 0x000000008b900000, 0x000000008b900000| Untracked 
| 186|0x000000008ba00000, 0x000000008ba00000, 0x000000008bb00000|  0%| F|  |TAMS 0x000000008ba00000, 0x000000008ba00000| Untracked 
| 187|0x000000008bb00000, 0x000000008bb00000, 0x000000008bc00000|  0%| F|  |TAMS 0x000000008bb00000, 0x000000008bb00000| Untracked 
| 188|0x000000008bc00000, 0x000000008bc00000, 0x000000008bd00000|  0%| F|  |TAMS 0x000000008bc00000, 0x000000008bc00000| Untracked 
| 189|0x000000008bd00000, 0x000000008bd00000, 0x000000008be00000|  0%| F|  |TAMS 0x000000008bd00000, 0x000000008bd00000| Untracked 
| 190|0x000000008be00000, 0x000000008be00000, 0x000000008bf00000|  0%| F|  |TAMS 0x000000008be00000, 0x000000008be00000| Untracked 
| 191|0x000000008bf00000, 0x000000008bf00000, 0x000000008c000000|  0%| F|  |TAMS 0x000000008bf00000, 0x000000008bf00000| Untracked 
| 192|0x000000008c000000, 0x000000008c000000, 0x000000008c100000|  0%| F|  |TAMS 0x000000008c000000, 0x000000008c000000| Untracked 
| 193|0x000000008c100000, 0x000000008c100000, 0x000000008c200000|  0%| F|  |TAMS 0x000000008c100000, 0x000000008c100000| Untracked 
| 194|0x000000008c200000, 0x000000008c200000, 0x000000008c300000|  0%| F|  |TAMS 0x000000008c200000, 0x000000008c200000| Untracked 
| 195|0x000000008c300000, 0x000000008c300000, 0x000000008c400000|  0%| F|  |TAMS 0x000000008c300000, 0x000000008c300000| Untracked 
| 196|0x000000008c400000, 0x000000008c400000, 0x000000008c500000|  0%| F|  |TAMS 0x000000008c400000, 0x000000008c400000| Untracked 
| 197|0x000000008c500000, 0x000000008c500000, 0x000000008c600000|  0%| F|  |TAMS 0x000000008c500000, 0x000000008c500000| Untracked 
| 198|0x000000008c600000, 0x000000008c600000, 0x000000008c700000|  0%| F|  |TAMS 0x000000008c600000, 0x000000008c600000| Untracked 
| 199|0x000000008c700000, 0x000000008c700000, 0x000000008c800000|  0%| F|  |TAMS 0x000000008c700000, 0x000000008c700000| Untracked 
| 200|0x000000008c800000, 0x000000008c800000, 0x000000008c900000|  0%| F|  |TAMS 0x000000008c800000, 0x000000008c800000| Untracked 
| 201|0x000000008c900000, 0x000000008c900000, 0x000000008ca00000|  0%| F|  |TAMS 0x000000008c900000, 0x000000008c900000| Untracked 
| 202|0x000000008ca00000, 0x000000008ca00000, 0x000000008cb00000|  0%| F|  |TAMS 0x000000008ca00000, 0x000000008ca00000| Untracked 
| 203|0x000000008cb00000, 0x000000008cb00000, 0x000000008cc00000|  0%| F|  |TAMS 0x000000008cb00000, 0x000000008cb00000| Untracked 
| 204|0x000000008cc00000, 0x000000008cc00000, 0x000000008cd00000|  0%| F|  |TAMS 0x000000008cc00000, 0x000000008cc00000| Untracked 
| 205|0x000000008cd00000, 0x000000008cd00000, 0x000000008ce00000|  0%| F|  |TAMS 0x000000008cd00000, 0x000000008cd00000| Untracked 
| 206|0x000000008ce00000, 0x000000008ce00000, 0x000000008cf00000|  0%| F|  |TAMS 0x000000008ce00000, 0x000000008ce00000| Untracked 
| 207|0x000000008cf00000, 0x000000008cf00000, 0x000000008d000000|  0%| F|  |TAMS 0x000000008cf00000, 0x000000008cf00000| Untracked 
| 208|0x000000008d000000, 0x000000008d000000, 0x000000008d100000|  0%| F|  |TAMS 0x000000008d000000, 0x000000008d000000| Untracked 
| 209|0x000000008d100000, 0x000000008d100000, 0x000000008d200000|  0%| F|  |TAMS 0x000000008d100000, 0x000000008d100000| Untracked 
| 210|0x000000008d200000, 0x000000008d200000, 0x000000008d300000|  0%| F|  |TAMS 0x000000008d200000, 0x000000008d200000| Untracked 
| 211|0x000000008d300000, 0x000000008d300000, 0x000000008d400000|  0%| F|  |TAMS 0x000000008d300000, 0x000000008d300000| Untracked 
| 212|0x000000008d400000, 0x000000008d400000, 0x000000008d500000|  0%| F|  |TAMS 0x000000008d400000, 0x000000008d400000| Untracked 
| 213|0x000000008d500000, 0x000000008d500000, 0x000000008d600000|  0%| F|  |TAMS 0x000000008d500000, 0x000000008d500000| Untracked 
| 214|0x000000008d600000, 0x000000008d600000, 0x000000008d700000|  0%| F|  |TAMS 0x000000008d600000, 0x000000008d600000| Untracked 
| 215|0x000000008d700000, 0x000000008d700000, 0x000000008d800000|  0%| F|  |TAMS 0x000000008d700000, 0x000000008d700000| Untracked 
| 216|0x000000008d800000, 0x000000008d800000, 0x000000008d900000|  0%| F|  |TAMS 0x000000008d800000, 0x000000008d800000| Untracked 
| 217|0x000000008d900000, 0x000000008d9d78f0, 0x000000008da00000| 84%| E|  |TAMS 0x000000008d900000, 0x000000008d900000| Complete 
| 218|0x000000008da00000, 0x000000008db00000, 0x000000008db00000|100%| E|CS|TAMS 0x000000008da00000, 0x000000008da00000| Complete 
| 219|0x000000008db00000, 0x000000008dc00000, 0x000000008dc00000|100%| E|CS|TAMS 0x000000008db00000, 0x000000008db00000| Complete 
| 220|0x000000008dc00000, 0x000000008dd00000, 0x000000008dd00000|100%| E|CS|TAMS 0x000000008dc00000, 0x000000008dc00000| Complete 
| 221|0x000000008dd00000, 0x000000008de00000, 0x000000008de00000|100%| E|CS|TAMS 0x000000008dd00000, 0x000000008dd00000| Complete 
| 222|0x000000008de00000, 0x000000008df00000, 0x000000008df00000|100%| E|CS|TAMS 0x000000008de00000, 0x000000008de00000| Complete 
| 223|0x000000008df00000, 0x000000008e000000, 0x000000008e000000|100%| E|  |TAMS 0x000000008df00000, 0x000000008df00000| Complete 
| 224|0x000000008e000000, 0x000000008e100000, 0x000000008e100000|100%| E|CS|TAMS 0x000000008e000000, 0x000000008e000000| Complete 

Card table byte_map: [0x000002abfd790000,0x000002abfdb90000] _byte_map_base: 0x000002abfd390000

Marking Bits (Prev, Next): (CMBitMap*) 0x000002abf9f236f0, (CMBitMap*) 0x000002abf9f23730
 Prev Bits: [0x000002abfdf90000, 0x000002abfff90000)
 Next Bits: [0x000002ab8f000000, 0x000002ab91000000)

Polling page: 0x000002abf7e30000

Metaspace:

Usage:
  Non-class:     82.11 MB used.
      Class:     12.82 MB used.
       Both:     94.93 MB used.

Virtual space:
  Non-class space:       88.00 MB reserved,      82.44 MB ( 94%) committed,  11 nodes.
      Class space:        1.00 GB reserved,      13.12 MB (  1%) committed,  1 nodes.
             Both:        1.09 GB reserved,      95.56 MB (  9%) committed. 

Chunk freelists:
   Non-Class:  1.02 MB
       Class:  2.86 MB
        Both:  3.87 MB

MaxMetaspaceSize: unlimited
CompressedClassSpaceSize: 1.00 GB
Initial GC threshold: 21.00 MB
Current GC threshold: 156.19 MB
CDS: off
MetaspaceReclaimPolicy: balanced
 - commit_granule_bytes: 65536.
 - commit_granule_words: 8192.
 - virtual_space_node_default_size: 1048576.
 - enlarge_chunks_in_place: 1.
 - new_chunks_are_fully_committed: 0.
 - uncommit_free_chunks: 1.
 - use_allocation_guard: 0.
 - handle_deallocations: 1.


Internal statistics:

num_allocs_failed_limit: 6.
num_arena_births: 942.
num_arena_deaths: 0.
num_vsnodes_births: 12.
num_vsnodes_deaths: 0.
num_space_committed: 1528.
num_space_uncommitted: 0.
num_chunks_returned_to_freelist: 6.
num_chunks_taken_from_freelist: 4459.
num_chunk_merges: 6.
num_chunk_splits: 3008.
num_chunks_enlarged: 2072.
num_purges: 0.
num_inconsistent_stats: 0.

CodeHeap 'non-profiled nmethods': size=120000Kb used=5500Kb max_used=5500Kb free=114499Kb
 bounds [0x000002ab87ad0000, 0x000002ab88030000, 0x000002ab8f000000]
CodeHeap 'profiled nmethods': size=120000Kb used=16629Kb max_used=16961Kb free=103370Kb
 bounds [0x000002ab80000000, 0x000002ab810a0000, 0x000002ab87530000]
CodeHeap 'non-nmethods': size=5760Kb used=2389Kb max_used=2441Kb free=3370Kb
 bounds [0x000002ab87530000, 0x000002ab877b0000, 0x000002ab87ad0000]
 total_blobs=9736 nmethods=8813 adapters=835
 compilation: enabled
              stopped_count=0, restarted_count=0
 full_count=0

Compilation events (20 events):
Event: 35.778 Thread 0x000002ab94035e90 10250       4       java.lang.Enum::equals (11 bytes)
Event: 35.779 Thread 0x000002ab94035e90 nmethod 10250 0x000002ab8802b090 code [0x000002ab8802b200, 0x000002ab8802b298]
Event: 35.782 Thread 0x000002ab94041cb0 10251       3       kotlin.collections.ArraysKt___ArraysKt::filterNotNullTo (50 bytes)
Event: 35.782 Thread 0x000002ab94041cb0 nmethod 10251 0x000002ab8052a010 code [0x000002ab8052a2c0, 0x000002ab8052ae88]
Event: 35.785 Thread 0x000002ab94035e90 10252       4       org.gradle.internal.instantiation.generator.AbstractClassGenerator$ClassGenerationHandler::hasFields (1 bytes)
Event: 35.786 Thread 0x000002ab94035e90 nmethod 10252 0x000002ab8802b390 code [0x000002ab8802b500, 0x000002ab8802b578]
Event: 35.786 Thread 0x000002ab94035e90 10253       4       org.gradle.internal.service.DefaultServiceRegistry$SingletonService::get (5 bytes)
Event: 35.792 Thread 0x000002ab94f71ec0 nmethod 10233 0x000002ab8802b690 code [0x000002ab8802b880, 0x000002ab8802cb48]
Event: 35.798 Thread 0x000002ab94041cb0 10254   !   3       org.gradle.internal.resources.DefaultResourceLockCoordinationService::withStateLock (219 bytes)
Event: 35.799 Thread 0x000002ab94041cb0 nmethod 10254 0x000002ab80e8e110 code [0x000002ab80e8e4c0, 0x000002ab80e8f698]
Event: 35.799 Thread 0x000002ab94041cb0 10255       3       org.gradle.internal.resources.DefaultResourceLockCoordinationService$DefaultResourceLockState::<init> (5 bytes)
Event: 35.799 Thread 0x000002ab94041cb0 nmethod 10255 0x000002ab80e8dc90 code [0x000002ab80e8de40, 0x000002ab80e8dff8]
Event: 35.799 Thread 0x000002ab94041cb0 10256       3       org.gradle.internal.resources.DefaultResourceLockCoordinationService$DefaultResourceLockState::<init> (5 bytes)
Event: 35.800 Thread 0x000002ab94041cb0 nmethod 10256 0x000002ab80e8d710 code [0x000002ab80e8d8a0, 0x000002ab80e8d9f8]
Event: 35.800 Thread 0x000002ab94041cb0 10257       3       java.lang.invoke.MethodHandles$Lookup::restrictReceiver (127 bytes)
Event: 35.801 Thread 0x000002ab94041cb0 nmethod 10257 0x000002ab801bae90 code [0x000002ab801bb0a0, 0x000002ab801bb5a8]
Event: 35.802 Thread 0x000002ab94041cb0 10258       3       org.gradle.internal.resources.DefaultLease::doIsLockedByCurrentThread (16 bytes)
Event: 35.802 Thread 0x000002ab94041cb0 nmethod 10258 0x000002ab801baa90 code [0x000002ab801bac20, 0x000002ab801badb8]
Event: 35.810 Thread 0x000002ab94041cb0 10259       3       org.gradle.internal.serialize.kryo.KryoBackedEncoder::writeSmallInt (11 bytes)
Event: 35.810 Thread 0x000002ab94041cb0 nmethod 10259 0x000002ab80529b90 code [0x000002ab80529d40, 0x000002ab80529f08]

GC Heap History (20 events):
Event: 30.392 GC heap before
{Heap before GC invocations=43 (full 0):
 garbage-first heap   total 116736K, used 91190K [0x0000000080000000, 0x0000000100000000)
  region size 1024K, 28 young (28672K), 3 survivors (3072K)
 Metaspace       used 79541K, committed 80128K, reserved 1122304K
  class space    used 10545K, committed 10816K, reserved 1048576K
}
Event: 30.397 GC heap after
{Heap after GC invocations=44 (full 0):
 garbage-first heap   total 116736K, used 69138K [0x0000000080000000, 0x0000000100000000)
  region size 1024K, 2 young (2048K), 2 survivors (2048K)
 Metaspace       used 79541K, committed 80128K, reserved 1122304K
  class space    used 10545K, committed 10816K, reserved 1048576K
}
Event: 31.190 GC heap before
{Heap before GC invocations=45 (full 0):
 garbage-first heap   total 122880K, used 94738K [0x0000000080000000, 0x0000000100000000)
  region size 1024K, 26 young (26624K), 2 survivors (2048K)
 Metaspace       used 82531K, committed 83136K, reserved 1122304K
  class space    used 11139K, committed 11392K, reserved 1048576K
}
Event: 31.193 GC heap after
{Heap after GC invocations=46 (full 0):
 garbage-first heap   total 122880K, used 69989K [0x0000000080000000, 0x0000000100000000)
  region size 1024K, 3 young (3072K), 3 survivors (3072K)
 Metaspace       used 82531K, committed 83136K, reserved 1122304K
  class space    used 11139K, committed 11392K, reserved 1048576K
}
Event: 31.984 GC heap before
{Heap before GC invocations=46 (full 0):
 garbage-first heap   total 122880K, used 99685K [0x0000000080000000, 0x0000000100000000)
  region size 1024K, 32 young (32768K), 3 survivors (3072K)
 Metaspace       used 85452K, committed 86016K, reserved 1130496K
  class space    used 11567K, committed 11840K, reserved 1048576K
}
Event: 31.989 GC heap after
{Heap after GC invocations=47 (full 0):
 garbage-first heap   total 122880K, used 72188K [0x0000000080000000, 0x0000000100000000)
  region size 1024K, 4 young (4096K), 4 survivors (4096K)
 Metaspace       used 85452K, committed 86016K, reserved 1130496K
  class space    used 11567K, committed 11840K, reserved 1048576K
}
Event: 32.714 GC heap before
{Heap before GC invocations=48 (full 0):
 garbage-first heap   total 128000K, used 99836K [0x0000000080000000, 0x0000000100000000)
  region size 1024K, 31 young (31744K), 4 survivors (4096K)
 Metaspace       used 88165K, committed 88768K, reserved 1130496K
  class space    used 11965K, committed 12224K, reserved 1048576K
}
Event: 32.721 GC heap after
{Heap after GC invocations=49 (full 0):
 garbage-first heap   total 128000K, used 74281K [0x0000000080000000, 0x0000000100000000)
  region size 1024K, 4 young (4096K), 4 survivors (4096K)
 Metaspace       used 88165K, committed 88768K, reserved 1130496K
  class space    used 11965K, committed 12224K, reserved 1048576K
}
Event: 33.516 GC heap before
{Heap before GC invocations=49 (full 0):
 garbage-first heap   total 128000K, used 106025K [0x0000000080000000, 0x0000000100000000)
  region size 1024K, 35 young (35840K), 4 survivors (4096K)
 Metaspace       used 92869K, committed 93504K, reserved 1130496K
  class space    used 12632K, committed 12928K, reserved 1048576K
}
Event: 33.524 GC heap after
{Heap after GC invocations=50 (full 0):
 garbage-first heap   total 128000K, used 76927K [0x0000000080000000, 0x0000000100000000)
  region size 1024K, 5 young (5120K), 5 survivors (5120K)
 Metaspace       used 92869K, committed 93504K, reserved 1130496K
  class space    used 12632K, committed 12928K, reserved 1048576K
}
Event: 34.174 GC heap before
{Heap before GC invocations=51 (full 0):
 garbage-first heap   total 133120K, used 105599K [0x0000000080000000, 0x0000000100000000)
  region size 1024K, 33 young (33792K), 5 survivors (5120K)
 Metaspace       used 94677K, committed 95296K, reserved 1138688K
  class space    used 12889K, committed 13184K, reserved 1048576K
}
Event: 34.181 GC heap after
{Heap after GC invocations=52 (full 0):
 garbage-first heap   total 133120K, used 79689K [0x0000000080000000, 0x0000000100000000)
  region size 1024K, 5 young (5120K), 5 survivors (5120K)
 Metaspace       used 94677K, committed 95296K, reserved 1138688K
  class space    used 12889K, committed 13184K, reserved 1048576K
}
Event: 34.206 GC heap before
{Heap before GC invocations=52 (full 0):
 garbage-first heap   total 133120K, used 80713K [0x0000000080000000, 0x0000000100000000)
  region size 1024K, 6 young (6144K), 5 survivors (5120K)
 Metaspace       used 94787K, committed 95424K, reserved 1138688K
  class space    used 12905K, committed 13184K, reserved 1048576K
}
Event: 34.211 GC heap after
{Heap after GC invocations=53 (full 0):
 garbage-first heap   total 133120K, used 80149K [0x0000000080000000, 0x0000000100000000)
  region size 1024K, 1 young (1024K), 1 survivors (1024K)
 Metaspace       used 94787K, committed 95424K, reserved 1138688K
  class space    used 12905K, committed 13184K, reserved 1048576K
}
Event: 35.010 GC heap before
{Heap before GC invocations=53 (full 0):
 garbage-first heap   total 133120K, used 110869K [0x0000000080000000, 0x0000000100000000)
  region size 1024K, 31 young (31744K), 1 survivors (1024K)
 Metaspace       used 95241K, committed 95936K, reserved 1138688K
  class space    used 12958K, committed 13248K, reserved 1048576K
}
Event: 35.015 GC heap after
{Heap after GC invocations=54 (full 0):
 garbage-first heap   total 133120K, used 84178K [0x0000000080000000, 0x0000000100000000)
  region size 1024K, 4 young (4096K), 4 survivors (4096K)
 Metaspace       used 95241K, committed 95936K, reserved 1138688K
  class space    used 12958K, committed 13248K, reserved 1048576K
}
Event: 35.535 GC heap before
{Heap before GC invocations=55 (full 0):
 garbage-first heap   total 150528K, used 107730K [0x0000000080000000, 0x0000000100000000)
  region size 1024K, 28 young (28672K), 4 survivors (4096K)
 Metaspace       used 95759K, committed 96384K, reserved 1138688K
  class space    used 12996K, committed 13312K, reserved 1048576K
}
Event: 35.543 GC heap after
{Heap after GC invocations=56 (full 0):
 garbage-first heap   total 150528K, used 89546K [0x0000000080000000, 0x0000000100000000)
  region size 1024K, 4 young (4096K), 4 survivors (4096K)
 Metaspace       used 95759K, committed 96384K, reserved 1138688K
  class space    used 12996K, committed 13312K, reserved 1048576K
}
Event: 35.628 GC heap before
{Heap before GC invocations=56 (full 0):
 garbage-first heap   total 150528K, used 92618K [0x0000000080000000, 0x0000000100000000)
  region size 1024K, 7 young (7168K), 4 survivors (4096K)
 Metaspace       used 96014K, committed 96640K, reserved 1138688K
  class space    used 13016K, committed 13312K, reserved 1048576K
}
Event: 35.634 GC heap after
{Heap after GC invocations=57 (full 0):
 garbage-first heap   total 230400K, used 90537K [0x0000000080000000, 0x0000000100000000)
  region size 1024K, 1 young (1024K), 1 survivors (1024K)
 Metaspace       used 96014K, committed 96640K, reserved 1138688K
  class space    used 13016K, committed 13312K, reserved 1048576K
}

Dll operation events (2 events):
Event: 0.006 Loaded shared library D:\TEBE\UNISSULA\BANGKIT\android\jbr\bin\java.dll
Event: 4.153 Loaded shared library D:\TEBE\UNISSULA\BANGKIT\android\jbr\bin\verify.dll

Deoptimization events (20 events):
Event: 35.768 Thread 0x000002ab94dffcc0 Uncommon trap: trap_request=0xffffffc6 fr.pc=0x000002ab87d9f0dc relative=0x000000000000041c
Event: 35.768 Thread 0x000002ab94dffcc0 Uncommon trap: reason=bimorphic_or_optimized_type_check action=maybe_recompile pc=0x000002ab87d9f0dc method=com.google.common.collect.NaturalOrdering.compare(Ljava/lang/Comparable;Ljava/lang/Comparable;)I @ 12 c2
Event: 35.768 Thread 0x000002ab94dffcc0 DEOPT PACKING pc=0x000002ab87d9f0dc sp=0x000000f1615f8c20
Event: 35.768 Thread 0x000002ab94dffcc0 DEOPT UNPACKING pc=0x000002ab875869a3 sp=0x000000f1615f8b30 mode 2
Event: 35.768 Thread 0x000002ab94dffcc0 Uncommon trap: trap_request=0xffffffc6 fr.pc=0x000002ab87d9f0dc relative=0x000000000000041c
Event: 35.768 Thread 0x000002ab94dffcc0 Uncommon trap: reason=bimorphic_or_optimized_type_check action=maybe_recompile pc=0x000002ab87d9f0dc method=com.google.common.collect.NaturalOrdering.compare(Ljava/lang/Comparable;Ljava/lang/Comparable;)I @ 12 c2
Event: 35.768 Thread 0x000002ab94dffcc0 DEOPT PACKING pc=0x000002ab87d9f0dc sp=0x000000f1615f8db0
Event: 35.768 Thread 0x000002ab94dffcc0 DEOPT UNPACKING pc=0x000002ab875869a3 sp=0x000000f1615f8cc0 mode 2
Event: 35.769 Thread 0x000002ab94dffcc0 DEOPT PACKING pc=0x000002ab80d988ce sp=0x000000f1615f8970
Event: 35.769 Thread 0x000002ab94dffcc0 DEOPT UNPACKING pc=0x000002ab87587143 sp=0x000000f1615f7e98 mode 0
Event: 35.772 Thread 0x000002ab94dffcc0 Uncommon trap: trap_request=0xffffffc6 fr.pc=0x000002ab87c7153c relative=0x000000000000043c
Event: 35.772 Thread 0x000002ab94dffcc0 Uncommon trap: reason=bimorphic_or_optimized_type_check action=maybe_recompile pc=0x000002ab87c7153c method=java.util.Spliterators$IteratorSpliterator.tryAdvance(Ljava/util/function/Consumer;)Z @ 50 c2
Event: 35.772 Thread 0x000002ab94dffcc0 DEOPT PACKING pc=0x000002ab87c7153c sp=0x000000f1615f8b30
Event: 35.772 Thread 0x000002ab94dffcc0 DEOPT UNPACKING pc=0x000002ab875869a3 sp=0x000000f1615f8ad0 mode 2
Event: 35.778 Thread 0x000002ab94dffcc0 DEOPT PACKING pc=0x000002ab80d98875 sp=0x000000f1615f8940
Event: 35.778 Thread 0x000002ab94dffcc0 DEOPT UNPACKING pc=0x000002ab87587143 sp=0x000000f1615f7e68 mode 0
Event: 35.801 Thread 0x000002ab9a1a8d40 Uncommon trap: trap_request=0xffffff45 fr.pc=0x000002ab87aff8e4 relative=0x0000000000000344
Event: 35.801 Thread 0x000002ab9a1a8d40 Uncommon trap: reason=unstable_if action=reinterpret pc=0x000002ab87aff8e4 method=java.util.HashMap$HashIterator.<init>(Ljava/util/HashMap;)V @ 45 c2
Event: 35.801 Thread 0x000002ab9a1a8d40 DEOPT PACKING pc=0x000002ab87aff8e4 sp=0x000000f165dfea30
Event: 35.802 Thread 0x000002ab9a1a8d40 DEOPT UNPACKING pc=0x000002ab875869a3 sp=0x000000f165dfe9e8 mode 2

Classes unloaded (0 events):
No events

Classes redefined (0 events):
No events

Internal exceptions (20 events):
Event: 35.393 Thread 0x000002ab94dffcc0 Exception <a 'java/lang/ClassNotFoundException'{0x000000008885b290}: com/android/build/gradle/internal/tasks/AppMetadataTask_DecoratedCustomizer> (0x000000008885b290) 
thrown [s\src\hotspot\share\classfile\systemDictionary.cpp, line 256]
Event: 35.396 Thread 0x000002ab94dffcc0 Exception <a 'java/lang/ClassNotFoundException'{0x00000000888e7248}: com/android/build/gradle/internal/tasks/SigningConfigVersionsWriterTask_DecoratedBeanInfo> (0x00000000888e7248) 
thrown [s\src\hotspot\share\classfile\systemDictionary.cpp, line 256]
Event: 35.397 Thread 0x000002ab94dffcc0 Exception <a 'java/lang/ClassNotFoundException'{0x00000000888f2e70}: com/android/build/gradle/internal/tasks/SigningConfigVersionsWriterTaskBeanInfo> (0x00000000888f2e70) 
thrown [s\src\hotspot\share\classfile\systemDictionary.cpp, line 256]
Event: 35.397 Thread 0x000002ab94dffcc0 Exception <a 'java/lang/ClassNotFoundException'{0x00000000888fead0}: com/android/build/gradle/internal/tasks/SigningConfigVersionsWriterTaskCustomizer> (0x00000000888fead0) 
thrown [s\src\hotspot\share\classfile\systemDictionary.cpp, line 256]
Event: 35.399 Thread 0x000002ab94dffcc0 Exception <a 'java/lang/ClassNotFoundException'{0x0000000088725690}: com/android/build/gradle/internal/tasks/SigningConfigVersionsWriterTask_DecoratedCustomizer> (0x0000000088725690) 
thrown [s\src\hotspot\share\classfile\systemDictionary.cpp, line 256]
Event: 35.407 Thread 0x000002ab94dffcc0 Exception <a 'java/lang/ClassNotFoundException'{0x00000000887fd8d0}: com/android/build/gradle/tasks/PackageApplication_DecoratedBeanInfo> (0x00000000887fd8d0) 
thrown [s\src\hotspot\share\classfile\systemDictionary.cpp, line 256]
Event: 35.408 Thread 0x000002ab94dffcc0 Exception <a 'java/lang/ClassNotFoundException'{0x00000000886096f0}: com/android/build/gradle/tasks/PackageApplicationBeanInfo> (0x00000000886096f0) 
thrown [s\src\hotspot\share\classfile\systemDictionary.cpp, line 256]
Event: 35.409 Thread 0x000002ab94dffcc0 Exception <a 'java/lang/ClassNotFoundException'{0x0000000088615d20}: com/android/build/gradle/tasks/PackageAndroidArtifactBeanInfo> (0x0000000088615d20) 
thrown [s\src\hotspot\share\classfile\systemDictionary.cpp, line 256]
Event: 35.410 Thread 0x000002ab94dffcc0 Exception <a 'java/lang/ClassNotFoundException'{0x0000000088621648}: com/android/build/gradle/tasks/PackageAndroidArtifactCustomizer> (0x0000000088621648) 
thrown [s\src\hotspot\share\classfile\systemDictionary.cpp, line 256]
Event: 35.414 Thread 0x000002ab94dffcc0 Exception <a 'java/lang/ClassNotFoundException'{0x0000000088679940}: com/android/build/gradle/tasks/PackageApplicationCustomizer> (0x0000000088679940) 
thrown [s\src\hotspot\share\classfile\systemDictionary.cpp, line 256]
Event: 35.415 Thread 0x000002ab94dffcc0 Exception <a 'java/lang/ClassNotFoundException'{0x00000000886a0be8}: com/android/build/gradle/tasks/PackageApplication_DecoratedCustomizer> (0x00000000886a0be8) 
thrown [s\src\hotspot\share\classfile\systemDictionary.cpp, line 256]
Event: 35.441 Thread 0x000002ab94dffcc0 Exception <a 'java/lang/ClassNotFoundException'{0x0000000088575128}: com/android/build/gradle/internal/tasks/ListingFileRedirectTask_DecoratedBeanInfo> (0x0000000088575128) 
thrown [s\src\hotspot\share\classfile\systemDictionary.cpp, line 256]
Event: 35.441 Thread 0x000002ab94dffcc0 Exception <a 'java/lang/ClassNotFoundException'{0x0000000088580ee8}: com/android/build/gradle/internal/tasks/ListingFileRedirectTaskBeanInfo> (0x0000000088580ee8) 
thrown [s\src\hotspot\share\classfile\systemDictionary.cpp, line 256]
Event: 35.442 Thread 0x000002ab94dffcc0 Exception <a 'java/lang/ClassNotFoundException'{0x000000008858c798}: com/android/build/gradle/internal/tasks/ListingFileRedirectTaskCustomizer> (0x000000008858c798) 
thrown [s\src\hotspot\share\classfile\systemDictionary.cpp, line 256]
Event: 35.443 Thread 0x000002ab94dffcc0 Exception <a 'java/lang/ClassNotFoundException'{0x00000000885a9000}: com/android/build/gradle/internal/tasks/ListingFileRedirectTask_DecoratedCustomizer> (0x00000000885a9000) 
thrown [s\src\hotspot\share\classfile\systemDictionary.cpp, line 256]
Event: 35.653 Thread 0x000002ab94dffcc0 Exception <a 'java/lang/NoSuchMethodError'{0x000000008e03ad58}: static Lcom/android/build/gradle/internal/profile/ProjectData;.<clinit>()V> (0x000000008e03ad58) 
thrown [s\src\hotspot\share\prims\jni.cpp, line 1108]
Event: 35.664 Thread 0x000002ab94dffcc0 Exception <a 'java/lang/NoSuchMethodError'{0x000000008e086868}: static Lcom/android/build/gradle/internal/profile/TaskMetadata;.<clinit>()V> (0x000000008e086868) 
thrown [s\src\hotspot\share\prims\jni.cpp, line 1108]
Event: 35.742 Thread 0x000002ab94dffcc0 Exception <a 'sun/nio/fs/WindowsException'{0x000000008dec5678}> (0x000000008dec5678) 
thrown [s\src\hotspot\share\prims\jni.cpp, line 517]
Event: 35.754 Thread 0x000002ab94dffcc0 Exception <a 'java/lang/NoSuchMethodError'{0x000000008def9248}: 'java.lang.Object java.lang.invoke.DirectMethodHandle$Holder.newInvokeSpecial(java.lang.Object, java.lang.Object, java.lang.Object, java.lang.Object, int, java.lang.Object)'> (0x000000008def9248) 
thrown [s\src\hotspot\share\interpreter\linkResolver.cpp, line 771]
Event: 35.754 Thread 0x000002ab94dffcc0 Exception <a 'java/lang/NoSuchMethodError'{0x000000008defe008}: 'java.lang.Object java.lang.invoke.Invokers$Holder.linkToTargetMethod(java.lang.Object, java.lang.Object, java.lang.Object, int, java.lang.Object, java.lang.Object)'> (0x000000008defe008) 
thrown [s\src\hotspot\share\interpreter\linkResolver.cpp, line 771]

VM Operations (20 events):
Event: 33.970 Executing VM operation: ICBufferFull
Event: 33.970 Executing VM operation: ICBufferFull done
Event: 34.174 Executing VM operation: G1CollectForAllocation
Event: 34.181 Executing VM operation: G1CollectForAllocation done
Event: 34.206 Executing VM operation: G1CollectForAllocation
Event: 34.211 Executing VM operation: G1CollectForAllocation done
Event: 34.260 Executing VM operation: HandshakeAllThreads
Event: 34.260 Executing VM operation: HandshakeAllThreads done
Event: 34.991 Executing VM operation: G1CollectForAllocation
Event: 35.030 Executing VM operation: G1CollectForAllocation done
Event: 35.128 Executing VM operation: G1Concurrent
Event: 35.135 Executing VM operation: G1Concurrent done
Event: 35.182 Executing VM operation: G1Concurrent
Event: 35.201 Executing VM operation: G1Concurrent done
Event: 35.535 Executing VM operation: G1CollectForAllocation
Event: 35.543 Executing VM operation: G1CollectForAllocation done
Event: 35.628 Executing VM operation: G1CollectForAllocation
Event: 35.634 Executing VM operation: G1CollectForAllocation done
Event: 35.661 Executing VM operation: HandshakeAllThreads
Event: 35.661 Executing VM operation: HandshakeAllThreads done

Events (20 events):
Event: 34.427 loading class java/lang/ClassBeanInfo
Event: 34.428 loading class java/lang/ClassBeanInfo done
Event: 34.428 loading class java/lang/ClassBeanInfo
Event: 34.428 loading class java/lang/ClassBeanInfo done
Event: 34.428 loading class java/lang/ClassCustomizer
Event: 34.428 loading class java/lang/ClassCustomizer done
Event: 34.428 loading class java/lang/ClassCustomizer
Event: 34.428 loading class java/lang/ClassCustomizer done
Event: 35.224 loading class java/io/FilterReader
Event: 35.224 loading class java/io/FilterReader done
Event: 35.670 loading class java/util/HashMap$UnsafeHolder
Event: 35.670 loading class java/util/HashMap$UnsafeHolder done
Event: 35.747 Thread 0x000002ab9a1ad570 Thread added: 0x000002ab9a1ad570
Event: 35.747 loading class java/util/concurrent/ConcurrentLinkedQueue$Itr
Event: 35.747 loading class java/util/concurrent/ConcurrentLinkedQueue$Itr done
Event: 35.748 Thread 0x000002ab9a1acbd0 Thread added: 0x000002ab9a1acbd0
Event: 35.791 Thread 0x000002ab9a1ae8b0 Thread added: 0x000002ab9a1ae8b0
Event: 35.797 Thread 0x000002ab9a1a8870 Thread added: 0x000002ab9a1a8870
Event: 35.798 Thread 0x000002ab9a1a8d40 Thread added: 0x000002ab9a1a8d40
Event: 35.798 Thread 0x000002ab9a1a9210 Thread added: 0x000002ab9a1a9210


Dynamic libraries:
0x00007ff7fd030000 - 0x00007ff7fd03a000 	D:\TEBE\UNISSULA\BANGKIT\android\jbr\bin\java.exe
0x00007ffd29850000 - 0x00007ffd29a64000 	C:\WINDOWS\SYSTEM32\ntdll.dll
0x00007ffd29560000 - 0x00007ffd29624000 	C:\WINDOWS\System32\KERNEL32.DLL
0x00007ffd26e10000 - 0x00007ffd271b4000 	C:\WINDOWS\System32\KERNELBASE.dll
0x00007ffd26c30000 - 0x00007ffd26d41000 	C:\WINDOWS\System32\ucrtbase.dll
0x00007ffd22220000 - 0x00007ffd2223b000 	D:\TEBE\UNISSULA\BANGKIT\android\jbr\bin\VCRUNTIME140.dll
0x00007ffcd5990000 - 0x00007ffcd59a7000 	D:\TEBE\UNISSULA\BANGKIT\android\jbr\bin\jli.dll
0x00007ffd282d0000 - 0x00007ffd2847a000 	C:\WINDOWS\System32\USER32.dll
0x00007ffd15890000 - 0x00007ffd15b1f000 	C:\WINDOWS\WinSxS\amd64_microsoft.windows.common-controls_6595b64144ccf1df_6.0.22621.2070_none_2713e6537381f706\COMCTL32.dll
0x00007ffd27560000 - 0x00007ffd27586000 	C:\WINDOWS\System32\win32u.dll
0x00007ffd27a70000 - 0x00007ffd27a99000 	C:\WINDOWS\System32\GDI32.dll
0x00007ffd286b0000 - 0x00007ffd28757000 	C:\WINDOWS\System32\msvcrt.dll
0x00007ffd27440000 - 0x00007ffd27559000 	C:\WINDOWS\System32\gdi32full.dll
0x00007ffd273a0000 - 0x00007ffd2743a000 	C:\WINDOWS\System32\msvcp_win.dll
0x00007ffd27f30000 - 0x00007ffd27f61000 	C:\WINDOWS\System32\IMM32.DLL
0x00007ffd1d680000 - 0x00007ffd1d68c000 	D:\TEBE\UNISSULA\BANGKIT\android\jbr\bin\vcruntime140_1.dll
0x00007ffd13e60000 - 0x00007ffd13eed000 	D:\TEBE\UNISSULA\BANGKIT\android\jbr\bin\msvcp140.dll
0x00007ffcc1650000 - 0x00007ffcc22be000 	D:\TEBE\UNISSULA\BANGKIT\android\jbr\bin\server\jvm.dll
0x00007ffd27710000 - 0x00007ffd277c0000 	C:\WINDOWS\System32\ADVAPI32.dll
0x00007ffd28220000 - 0x00007ffd282c6000 	C:\WINDOWS\System32\sechost.dll
0x00007ffd29630000 - 0x00007ffd29747000 	C:\WINDOWS\System32\RPCRT4.dll
0x00007ffd22140000 - 0x00007ffd22149000 	C:\WINDOWS\SYSTEM32\WSOCK32.dll
0x00007ffd28060000 - 0x00007ffd280d1000 	C:\WINDOWS\System32\WS2_32.dll
0x00007ffd1e2a0000 - 0x00007ffd1e2d4000 	C:\WINDOWS\SYSTEM32\WINMM.dll
0x00007ffd1cae0000 - 0x00007ffd1caea000 	C:\WINDOWS\SYSTEM32\VERSION.dll
0x00007ffd25bf0000 - 0x00007ffd25c08000 	C:\WINDOWS\SYSTEM32\kernel.appcore.dll
0x00007ffd02b50000 - 0x00007ffd02b5a000 	D:\TEBE\UNISSULA\BANGKIT\android\jbr\bin\jimage.dll
0x00007ffd24670000 - 0x00007ffd2489e000 	C:\WINDOWS\SYSTEM32\DBGHELP.DLL
0x00007ffd27aa0000 - 0x00007ffd27e2a000 	C:\WINDOWS\System32\combase.dll
0x00007ffd27f70000 - 0x00007ffd28047000 	C:\WINDOWS\System32\OLEAUT32.dll
0x00007ffce1f70000 - 0x00007ffce1fa2000 	C:\WINDOWS\SYSTEM32\dbgcore.DLL
0x00007ffd27590000 - 0x00007ffd2760a000 	C:\WINDOWS\System32\bcryptPrimitives.dll
0x00007ffcd6dc0000 - 0x00007ffcd6de5000 	D:\TEBE\UNISSULA\BANGKIT\android\jbr\bin\java.dll
0x00007ffcd5fc0000 - 0x00007ffcd5fd8000 	D:\TEBE\UNISSULA\BANGKIT\android\jbr\bin\zip.dll
0x00007ffd28770000 - 0x00007ffd28f86000 	C:\WINDOWS\System32\SHELL32.dll
0x00007ffd24bb0000 - 0x00007ffd2549a000 	C:\WINDOWS\SYSTEM32\windows.storage.dll
0x00007ffd24a70000 - 0x00007ffd24bae000 	C:\WINDOWS\SYSTEM32\wintypes.dll
0x00007ffd27610000 - 0x00007ffd27703000 	C:\WINDOWS\System32\SHCORE.dll
0x00007ffd27a10000 - 0x00007ffd27a6e000 	C:\WINDOWS\System32\shlwapi.dll
0x00007ffd26b60000 - 0x00007ffd26b86000 	C:\WINDOWS\SYSTEM32\profapi.dll
0x00007ffcd5fa0000 - 0x00007ffcd5fb9000 	D:\TEBE\UNISSULA\BANGKIT\android\jbr\bin\net.dll
0x00007ffd1e160000 - 0x00007ffd1e297000 	C:\WINDOWS\SYSTEM32\WINHTTP.dll
0x00007ffd260f0000 - 0x00007ffd26159000 	C:\WINDOWS\system32\mswsock.dll
0x00007ffcd59b0000 - 0x00007ffcd59c6000 	D:\TEBE\UNISSULA\BANGKIT\android\jbr\bin\nio.dll
0x00007ffcdf020000 - 0x00007ffcdf030000 	D:\TEBE\UNISSULA\BANGKIT\android\jbr\bin\verify.dll
0x00007ffd20e50000 - 0x00007ffd20e77000 	C:\Users\LENOVO\.gradle\native\68d5fa5c4cc2d200863cafc0d521ce42e7d3e7ee720ec0a83991735586a16f82\windows-amd64\native-platform.dll
0x00007ffcfd670000 - 0x00007ffcfd7b4000 	C:\Users\LENOVO\.gradle\native\e376f236ea51e6404a007f0833ffe2c6e607c4080706a723a18a27aeea778392\windows-amd64\native-platform-file-events.dll
0x00007ffcd7980000 - 0x00007ffcd7989000 	D:\TEBE\UNISSULA\BANGKIT\android\jbr\bin\management.dll
0x00007ffcd6d30000 - 0x00007ffcd6d3b000 	D:\TEBE\UNISSULA\BANGKIT\android\jbr\bin\management_ext.dll
0x00007ffd28050000 - 0x00007ffd28058000 	C:\WINDOWS\System32\PSAPI.DLL
0x00007ffd26340000 - 0x00007ffd2635b000 	C:\WINDOWS\SYSTEM32\CRYPTSP.dll
0x00007ffd25bb0000 - 0x00007ffd25be5000 	C:\WINDOWS\system32\rsaenh.dll
0x00007ffd261e0000 - 0x00007ffd2620c000 	C:\WINDOWS\SYSTEM32\USERENV.dll
0x00007ffd264e0000 - 0x00007ffd26508000 	C:\WINDOWS\SYSTEM32\bcrypt.dll
0x00007ffd26360000 - 0x00007ffd2636c000 	C:\WINDOWS\SYSTEM32\CRYPTBASE.dll
0x00007ffd256f0000 - 0x00007ffd2571d000 	C:\WINDOWS\SYSTEM32\IPHLPAPI.DLL
0x00007ffd28760000 - 0x00007ffd28769000 	C:\WINDOWS\System32\NSI.dll
0x00007ffd1e320000 - 0x00007ffd1e339000 	C:\WINDOWS\SYSTEM32\dhcpcsvc6.DLL
0x00007ffd1e300000 - 0x00007ffd1e31f000 	C:\WINDOWS\SYSTEM32\dhcpcsvc.DLL
0x00007ffd25760000 - 0x00007ffd25853000 	C:\WINDOWS\SYSTEM32\DNSAPI.dll
0x00007ffcd6790000 - 0x00007ffcd6798000 	C:\WINDOWS\system32\wshunix.dll
0x00007ffcd5d30000 - 0x00007ffcd5d47000 	C:\WINDOWS\system32\napinsp.dll
0x00007ffcd5d10000 - 0x00007ffcd5d2b000 	C:\WINDOWS\system32\pnrpnsp.dll
0x00007ffcd5900000 - 0x00007ffcd5911000 	C:\WINDOWS\System32\winrnr.dll
0x00007ffd1dcc0000 - 0x00007ffd1dcd5000 	C:\WINDOWS\system32\wshbth.dll
0x00007ffcd58d0000 - 0x00007ffcd58f1000 	C:\WINDOWS\system32\nlansp_c.dll
0x00007ffd1bf10000 - 0x00007ffd1bf1a000 	C:\Windows\System32\rasadhlp.dll
0x00007ffd1ccf0000 - 0x00007ffd1cd74000 	C:\WINDOWS\System32\fwpuclnt.dll

dbghelp: loaded successfully - version: 4.0.5 - missing functions: none
symbol engine: initialized successfully - sym options: 0x614 - pdb path: .;D:\TEBE\UNISSULA\BANGKIT\android\jbr\bin;C:\WINDOWS\SYSTEM32;C:\WINDOWS\WinSxS\amd64_microsoft.windows.common-controls_6595b64144ccf1df_6.0.22621.2070_none_2713e6537381f706;D:\TEBE\UNISSULA\BANGKIT\android\jbr\bin\server;C:\Users\LENOVO\.gradle\native\68d5fa5c4cc2d200863cafc0d521ce42e7d3e7ee720ec0a83991735586a16f82\windows-amd64;C:\Users\LENOVO\.gradle\native\e376f236ea51e6404a007f0833ffe2c6e607c4080706a723a18a27aeea778392\windows-amd64

VM Arguments:
jvm_args: --add-opens=java.base/java.util=ALL-UNNAMED --add-opens=java.base/java.lang=ALL-UNNAMED --add-opens=java.base/java.lang.invoke=ALL-UNNAMED --add-opens=java.prefs/java.util.prefs=ALL-UNNAMED --add-opens=java.base/java.nio.charset=ALL-UNNAMED --add-opens=java.base/java.net=ALL-UNNAMED --add-opens=java.base/java.util.concurrent.atomic=ALL-UNNAMED -Xmx2048m -Dfile.encoding=UTF-8 -Duser.country=ID -Duser.language=en -Duser.variant 
java_command: org.gradle.launcher.daemon.bootstrap.GradleDaemon 8.0
java_class_path (initial): C:\Users\LENOVO\.gradle\wrapper\dists\gradle-8.0-bin\ca5e32bp14vu59qr306oxotwh\gradle-8.0\lib\gradle-launcher-8.0.jar
Launcher Type: SUN_STANDARD

[Global flags]
     intx CICompilerCount                          = 3                                         {product} {ergonomic}
     uint ConcGCThreads                            = 1                                         {product} {ergonomic}
     uint G1ConcRefinementThreads                  = 4                                         {product} {ergonomic}
   size_t G1HeapRegionSize                         = 1048576                                   {product} {ergonomic}
    uintx GCDrainStackTargetSize                   = 64                                        {product} {ergonomic}
   size_t InitialHeapSize                          = 165675008                                 {product} {ergonomic}
   size_t MarkStackSize                            = 4194304                                   {product} {ergonomic}
   size_t MaxHeapSize                              = 2147483648                                {product} {command line}
   size_t MaxNewSize                               = 1287651328                                {product} {ergonomic}
   size_t MinHeapDeltaBytes                        = 1048576                                   {product} {ergonomic}
   size_t MinHeapSize                              = 8388608                                   {product} {ergonomic}
    uintx NonNMethodCodeHeapSize                   = 5832780                                {pd product} {ergonomic}
    uintx NonProfiledCodeHeapSize                  = 122912730                              {pd product} {ergonomic}
    uintx ProfiledCodeHeapSize                     = 122912730                              {pd product} {ergonomic}
    uintx ReservedCodeCacheSize                    = 251658240                              {pd product} {ergonomic}
     bool SegmentedCodeCache                       = true                                      {product} {ergonomic}
   size_t SoftMaxHeapSize                          = 2147483648                             {manageable} {ergonomic}
     bool UseCompressedClassPointers               = true                           {product lp64_product} {ergonomic}
     bool UseCompressedOops                        = true                           {product lp64_product} {ergonomic}
     bool UseG1GC                                  = true                                      {product} {ergonomic}
     bool UseLargePagesIndividualAllocation        = false                                  {pd product} {ergonomic}

Logging:
Log output configuration:
 #0: stdout all=warning uptime,level,tags
 #1: stderr all=off uptime,level,tags

Environment Variables:
JAVA_HOME=C:\Program Files\Zulu\zulu-8
PATH=C:\Program Files\Zulu\zulu-8\bin\;C:\Program Files (x86)\Common Files\Oracle\Java\javapath;C:\WINDOWS\system32;C:\WINDOWS;C:\WINDOWS\System32\Wbem;C:\WINDOWS\System32\WindowsPowerShell\v1.0\;C:\WINDOWS\System32\OpenSSH\;C:\ProgramData\ComposerSetup\bin;C:\Program Files\Git\cmd;C:\Program Files\PuTTY\;C:\Users\LENOVO\AppData\Local\Microsoft\WindowsApps;C:\Users\LENOVO\AppData\Local\spicetify;D:\TEBE\vscode\Microsoft VS Code\bin;C:\Users\LENOVO\AppData\Local\Microsoft\WindowsApps;C:\php;C:\Users\LENOVO\AppData\Roaming\Composer\vendor\bin;C:\gradle-8.3\bin;
USERNAME=LENOVO
OS=Windows_NT
PROCESSOR_IDENTIFIER=AMD64 Family 23 Model 96 Stepping 1, AuthenticAMD
TMP=C:\Users\LENOVO\AppData\Local\Temp
TEMP=C:\Users\LENOVO\AppData\Local\Temp


JNI global refs:
JNI global refs: 25, weak refs: 0

JNI global refs memory usage: 843, weak refs: 841


---------------  S Y S T E M  ---------------

OS:
 Windows 11 , 64 bit Build 22621 (10.0.22621.2070)
OS uptime: 0 days 8:13 hours
Hyper-V role detected

CPU: total 4 (initial active 4) (4 cores per cpu, 1 threads per core) family 23 model 96 stepping 1 microcode 0x0, cx8, cmov, fxsr, mmx, 3dnowpref, sse, sse2, sse3, ssse3, sse4a, sse4.1, sse4.2, popcnt, lzcnt, tsc, tscinvbit, avx, avx2, aes, clmul, bmi1, bmi2, adx, sha, fma, vzeroupper, clflush, clflushopt, hv

Memory: 4k page, system-wide physical 10103M (367M free)
TotalPageFile size 22391M (AvailPageFile size 0M)
current process WorkingSet (physical memory assigned to process): 400M, peak: 401M
current process commit charge ("private bytes"): 501M, peak: 502M

vm_info: OpenJDK 64-Bit Server VM (17.0.6+0-b2043.56-10027231) for windows-amd64 JRE (17.0.6+0-b2043.56-10027231), built on Apr 28 2023 00:43:19 by "androidbuild" with MS VC++ 16.10 / 16.11 (VS2019)

END.
